#
# A fatal error has been detected by the Java Runtime Environment:
#
#  SIGBUS (0xa) at pc=0x0000000105c9a983, pid=4289, tid=27139
#
# JRE version: OpenJDK Runtime Environment (14.0.1+7) (build 14.0.1+7)
# Java VM: OpenJDK 64-Bit Server VM (14.0.1+7, mixed mode, sharing, tiered, compressed oops, g1 gc, bsd-amd64)
# Problematic frame:
# C  [libzip.dylib+0x2983]  newEntry+0x5d
#
# No core dump will be written. Core dumps have been disabled. To enable core dumping, try "ulimit -c unlimited" before starting Java again
#
# If you would like to submit a bug report, please visit:
#   https://bugreport.java.com/bugreport/crash.jsp
# The crash happened outside the Java Virtual Machine in native code.
# See problematic frame for where to report the bug.
#

---------------  S U M M A R Y ------------

Command Line: -agentlib:jdwp=transport=dt_socket,address=127.0.0.1:55554,suspend=y,server=n --enable-preview -XX:TieredStopAtLevel=1 -Xverify:none -Dspring.output.ansi.enabled=always -Dcom.sun.management.jmxremote -Dspring.jmx.enabled=true -Dspring.liveBeansView.mbeanDomain -Dspring.application.admin.enabled=true -javaagent:/Users/macbook/Library/Caches/JetBrains/IntelliJIdea2020.1/groovyHotSwap/gragent.jar -javaagent:/Users/macbook/Library/Caches/JetBrains/IntelliJIdea2020.1/captureAgent/debugger-agent.jar -Dfile.encoding=UTF-8 fete.bird.payment.FeteBirdPaymanentApplication

Host: MacBookAir5,2 x86_64 1800 MHz, 4 cores, 8G, Darwin 18.7.0
Time: Mon Jul 13 00:22:49 2020 AEST elapsed time: 29 seconds (0d 0h 0m 29s)

---------------  T H R E A D  ---------------

Current thread (0x00007fa52eab7800):  JavaThread "restartedMain" [_thread_in_native, id=27139, stack(0x0000700008e0d000,0x0000700008f0d000)]

Stack: [0x0000700008e0d000,0x0000700008f0d000],  sp=0x0000700008f0a0a0,  free space=1012k
Native frames: (J=compiled Java code, A=aot compiled Java code, j=interpreted, Vv=VM code, C=native code)
C  [libzip.dylib+0x2983]  newEntry+0x5d
C  [libzip.dylib+0x27ce]  ZIP_GetEntry2+0xd6
C  [libzip.dylib+0x32ea]  ZIP_FindEntry+0x2e
V  [libjvm.dylib+0x1cd8fe]  ClassPathZipEntry::open_entry(char const*, int*, bool, Thread*)+0x5e
V  [libjvm.dylib+0x1cda2e]  ClassPathZipEntry::open_stream(char const*, Thread*)+0x22
V  [libjvm.dylib+0x1cff52]  ClassLoader::load_class(Symbol*, bool, Thread*)+0x19a
V  [libjvm.dylib+0x6b705a]  SystemDictionary::load_instance_class(Symbol*, Handle, Thread*)+0x304
V  [libjvm.dylib+0x6b5fe3]  SystemDictionary::resolve_instance_class_or_null(Symbol*, Handle, Handle, Thread*)+0x559
V  [libjvm.dylib+0x6b56db]  SystemDictionary::resolve_or_fail(Symbol*, Handle, Handle, bool, Thread*)+0x1b
V  [libjvm.dylib+0x20b277]  ConstantPool::klass_at_impl(constantPoolHandle const&, int, bool, Thread*)+0x169
V  [libjvm.dylib+0x3ee1c1]  ConstantPool::klass_at(int, Thread*)+0x4d
V  [libjvm.dylib+0x344f7d]  InterpreterRuntime::_new(JavaThread*, ConstantPool*, int)+0x29
j  com.intellij.rt.debugger.agent.CaptureStorage.createCapturedStack(Ljava/lang/Throwable;Lcom/intellij/rt/debugger/agent/CaptureStorage$CapturedStack;)Lcom/intellij/rt/debugger/agent/CaptureStorage$CapturedStack;+4
j  com.intellij.rt.debugger.agent.CaptureStorage.capture(Ljava/lang/Object;)V+76
j  java.util.concurrent.FutureTask.<init>(Ljava/util/concurrent/Callable;)V+5 java.base@14.0.1
j  org.springframework.cglib.core.internal.LoadingCache.createEntry(Ljava/lang/Object;Ljava/lang/Object;Ljava/lang/Object;)Ljava/lang/Object;+29
j  org.springframework.cglib.core.internal.LoadingCache.get(Ljava/lang/Object;)Ljava/lang/Object;+39
j  org.springframework.cglib.core.AbstractClassGenerator$ClassLoaderData.get(Lorg/springframework/cglib/core/AbstractClassGenerator;Z)Ljava/lang/Object;+15
j  org.springframework.cglib.core.AbstractClassGenerator.create(Ljava/lang/Object;)Ljava/lang/Object;+115
j  org.springframework.cglib.core.KeyFactory$Generator.create()Lorg/springframework/cglib/core/KeyFactory;+19
j  org.springframework.cglib.core.KeyFactory.create(Ljava/lang/ClassLoader;Ljava/lang/Class;Lorg/springframework/cglib/core/KeyFactoryCustomizer;Ljava/util/List;)Lorg/springframework/cglib/core/KeyFactory;+92
j  org.springframework.cglib.core.KeyFactory.create(Ljava/lang/ClassLoader;Ljava/lang/Class;Lorg/springframework/cglib/core/Customizer;)Lorg/springframework/cglib/core/KeyFactory;+6
j  org.springframework.cglib.core.KeyFactory.create(Ljava/lang/Class;Lorg/springframework/cglib/core/Customizer;)Lorg/springframework/cglib/core/KeyFactory;+6
j  org.springframework.cglib.core.KeyFactory.create(Ljava/lang/Class;)Lorg/springframework/cglib/core/KeyFactory;+2
j  org.springframework.cglib.core.MethodWrapper.<clinit>()V+2
v  ~StubRoutines::call_stub
V  [libjvm.dylib+0x34bbbe]  JavaCalls::call_helper(JavaValue*, methodHandle const&, JavaCallArguments*, Thread*)+0x256
V  [libjvm.dylib+0x334eee]  InstanceKlass::call_class_initializer(Thread*)+0x192
V  [libjvm.dylib+0x334810]  InstanceKlass::initialize_impl(Thread*)+0x518
V  [libjvm.dylib+0x4e7734]  LinkResolver::resolve_static_call(CallInfo&, LinkInfo const&, bool, Thread*)+0x68
V  [libjvm.dylib+0x4e9209]  LinkResolver::resolve_invokestatic(CallInfo&, constantPoolHandle const&, int, Thread*)+0x35
V  [libjvm.dylib+0x347091]  InterpreterRuntime::resolve_invoke(JavaThread*, Bytecodes::Code)+0x223
V  [libjvm.dylib+0x347648]  InterpreterRuntime::resolve_from_cache(JavaThread*, Bytecodes::Code)+0x32
j  org.springframework.cglib.proxy.Enhancer.getMethods(Ljava/lang/Class;[Ljava/lang/Class;Ljava/util/List;Ljava/util/List;Ljava/util/Set;)V+68
j  org.springframework.cglib.proxy.Enhancer.generateClass(Lorg/springframework/asm/ClassVisitor;)V+116
j  org.springframework.cglib.transform.TransformingClassGenerator.generateClass(Lorg/springframework/asm/ClassVisitor;)V+16
j  org.springframework.cglib.core.DefaultGeneratorStrategy.generate(Lorg/springframework/cglib/core/ClassGenerator;)[B+11
j  org.springframework.cglib.core.ClassLoaderAwareGeneratorStrategy.generate(Lorg/springframework/cglib/core/ClassGenerator;)[B+66
j  org.springframework.cglib.core.AbstractClassGenerator.generate(Lorg/springframework/cglib/core/AbstractClassGenerator$ClassLoaderData;)Ljava/lang/Class;+139
j  org.springframework.cglib.proxy.Enhancer.generate(Lorg/springframework/cglib/core/AbstractClassGenerator$ClassLoaderData;)Ljava/lang/Class;+53
j  org.springframework.cglib.core.AbstractClassGenerator$ClassLoaderData$3.apply(Lorg/springframework/cglib/core/AbstractClassGenerator;)Ljava/lang/Object;+5
j  org.springframework.cglib.core.AbstractClassGenerator$ClassLoaderData$3.apply(Ljava/lang/Object;)Ljava/lang/Object;+5
j  org.springframework.cglib.core.internal.LoadingCache$2.call()Ljava/lang/Object;+11
j  java.util.concurrent.FutureTask.run$$$capture()V+39 java.base@14.0.1
j  java.util.concurrent.FutureTask.run()V+5 java.base@14.0.1
j  org.springframework.cglib.core.internal.LoadingCache.createEntry(Ljava/lang/Object;Ljava/lang/Object;Ljava/lang/Object;)Ljava/lang/Object;+58
j  org.springframework.cglib.core.internal.LoadingCache.get(Ljava/lang/Object;)Ljava/lang/Object;+39
j  org.springframework.cglib.core.AbstractClassGenerator$ClassLoaderData.get(Lorg/springframework/cglib/core/AbstractClassGenerator;Z)Ljava/lang/Object;+15
j  org.springframework.cglib.core.AbstractClassGenerator.create(Ljava/lang/Object;)Ljava/lang/Object;+115
j  org.springframework.cglib.proxy.Enhancer.createHelper()Ljava/lang/Object;+86
j  org.springframework.cglib.proxy.Enhancer.createClass()Ljava/lang/Class;+6
j  org.springframework.context.annotation.ConfigurationClassEnhancer.createClass(Lorg/springframework/cglib/proxy/Enhancer;)Ljava/lang/Class;+1
j  org.springframework.context.annotation.ConfigurationClassEnhancer.enhance(Ljava/lang/Class;Ljava/lang/ClassLoader;)Ljava/lang/Class;+53
j  org.springframework.context.annotation.ConfigurationClassPostProcessor.enhanceConfigurationClasses(Lorg/springframework/beans/factory/config/ConfigurableListableBeanFactory;)V+381
j  org.springframework.context.annotation.ConfigurationClassPostProcessor.postProcessBeanFactory(Lorg/springframework/beans/factory/config/ConfigurableListableBeanFactory;)V+88
j  org.springframework.context.support.PostProcessorRegistrationDelegate.invokeBeanFactoryPostProcessors(Ljava/util/Collection;Lorg/springframework/beans/factory/config/ConfigurableListableBeanFactory;)V+28
j  org.springframework.context.support.PostProcessorRegistrationDelegate.invokeBeanFactoryPostProcessors(Lorg/springframework/beans/factory/config/ConfigurableListableBeanFactory;Ljava/util/List;)V+494
j  org.springframework.context.support.AbstractApplicationContext.invokeBeanFactoryPostProcessors(Lorg/springframework/beans/factory/config/ConfigurableListableBeanFactory;)V+5
j  org.springframework.context.support.AbstractApplicationContext.refresh()V+28
j  org.springframework.boot.web.servlet.context.ServletWebServerApplicationContext.refresh()V+1
j  org.springframework.boot.SpringApplication.refresh(Lorg/springframework/context/ConfigurableApplicationContext;)V+1
j  org.springframework.boot.SpringApplication.refresh(Lorg/springframework/context/ApplicationContext;)V+11
j  org.springframework.boot.SpringApplication.refreshContext(Lorg/springframework/context/ConfigurableApplicationContext;)V+2
j  org.springframework.boot.SpringApplication.run([Ljava/lang/String;)Lorg/springframework/context/ConfigurableApplicationContext;+118
j  org.springframework.boot.SpringApplication.run([Ljava/lang/Class;[Ljava/lang/String;)Lorg/springframework/context/ConfigurableApplicationContext;+9
j  org.springframework.boot.SpringApplication.run(Ljava/lang/Class;[Ljava/lang/String;)Lorg/springframework/context/ConfigurableApplicationContext;+9
j  fete.bird.payment.FeteBirdPaymanentApplication.main([Ljava/lang/String;)V+3
v  ~StubRoutines::call_stub
V  [libjvm.dylib+0x34bbbe]  JavaCalls::call_helper(JavaValue*, methodHandle const&, JavaCallArguments*, Thread*)+0x256
V  [libjvm.dylib+0x63e5bf]  invoke(InstanceKlass*, methodHandle const&, Handle, bool, objArrayHandle, BasicType, objArrayHandle, bool, Thread*)+0x551
V  [libjvm.dylib+0x63e010]  Reflection::invoke_method(oopDesc*, Handle, objArrayHandle, Thread*)+0xe6
V  [libjvm.dylib+0x3d4da0]  JVM_InvokeMethod+0x222
j  jdk.internal.reflect.NativeMethodAccessorImpl.invoke0(Ljava/lang/reflect/Method;Ljava/lang/Object;[Ljava/lang/Object;)Ljava/lang/Object;+0 java.base@14.0.1
j  jdk.internal.reflect.NativeMethodAccessorImpl.invoke(Ljava/lang/Object;[Ljava/lang/Object;)Ljava/lang/Object;+100 java.base@14.0.1
j  jdk.internal.reflect.DelegatingMethodAccessorImpl.invoke(Ljava/lang/Object;[Ljava/lang/Object;)Ljava/lang/Object;+6 java.base@14.0.1
j  java.lang.reflect.Method.invoke(Ljava/lang/Object;[Ljava/lang/Object;)Ljava/lang/Object;+59 java.base@14.0.1
j  org.springframework.boot.devtools.restart.RestartLauncher.run()V+42
v  ~StubRoutines::call_stub
V  [libjvm.dylib+0x34bbbe]  JavaCalls::call_helper(JavaValue*, methodHandle const&, JavaCallArguments*, Thread*)+0x256
V  [libjvm.dylib+0x34afd8]  JavaCalls::call_virtual(JavaValue*, Klass*, Symbol*, Symbol*, JavaCallArguments*, Thread*)+0xfe
V  [libjvm.dylib+0x34b094]  JavaCalls::call_virtual(JavaValue*, Handle, Klass*, Symbol*, Symbol*, Thread*)+0x62
V  [libjvm.dylib+0x3d14f4]  thread_entry(JavaThread*, Thread*)+0x78
V  [libjvm.dylib+0x6ed15a]  JavaThread::thread_main_inner()+0x86
V  [libjvm.dylib+0x6ecf98]  JavaThread::run()+0x118
V  [libjvm.dylib+0x6eaddf]  Thread::call_run()+0x71
V  [libjvm.dylib+0x5e97b0]  thread_native_entry(Thread*)+0x129
C  [libsystem_pthread.dylib+0x32eb]  _pthread_body+0x7e
C  [libsystem_pthread.dylib+0x6249]  _pthread_start+0x42
C  [libsystem_pthread.dylib+0x240d]  thread_start+0xd

Java frames: (J=compiled Java code, j=interpreted, Vv=VM code)
j  com.intellij.rt.debugger.agent.CaptureStorage.createCapturedStack(Ljava/lang/Throwable;Lcom/intellij/rt/debugger/agent/CaptureStorage$CapturedStack;)Lcom/intellij/rt/debugger/agent/CaptureStorage$CapturedStack;+4
j  com.intellij.rt.debugger.agent.CaptureStorage.capture(Ljava/lang/Object;)V+76
j  java.util.concurrent.FutureTask.<init>(Ljava/util/concurrent/Callable;)V+5 java.base@14.0.1
j  org.springframework.cglib.core.internal.LoadingCache.createEntry(Ljava/lang/Object;Ljava/lang/Object;Ljava/lang/Object;)Ljava/lang/Object;+29
j  org.springframework.cglib.core.internal.LoadingCache.get(Ljava/lang/Object;)Ljava/lang/Object;+39
j  org.springframework.cglib.core.AbstractClassGenerator$ClassLoaderData.get(Lorg/springframework/cglib/core/AbstractClassGenerator;Z)Ljava/lang/Object;+15
j  org.springframework.cglib.core.AbstractClassGenerator.create(Ljava/lang/Object;)Ljava/lang/Object;+115
j  org.springframework.cglib.core.KeyFactory$Generator.create()Lorg/springframework/cglib/core/KeyFactory;+19
j  org.springframework.cglib.core.KeyFactory.create(Ljava/lang/ClassLoader;Ljava/lang/Class;Lorg/springframework/cglib/core/KeyFactoryCustomizer;Ljava/util/List;)Lorg/springframework/cglib/core/KeyFactory;+92
j  org.springframework.cglib.core.KeyFactory.create(Ljava/lang/ClassLoader;Ljava/lang/Class;Lorg/springframework/cglib/core/Customizer;)Lorg/springframework/cglib/core/KeyFactory;+6
j  org.springframework.cglib.core.KeyFactory.create(Ljava/lang/Class;Lorg/springframework/cglib/core/Customizer;)Lorg/springframework/cglib/core/KeyFactory;+6
j  org.springframework.cglib.core.KeyFactory.create(Ljava/lang/Class;)Lorg/springframework/cglib/core/KeyFactory;+2
j  org.springframework.cglib.core.MethodWrapper.<clinit>()V+2
v  ~StubRoutines::call_stub
j  org.springframework.cglib.proxy.Enhancer.getMethods(Ljava/lang/Class;[Ljava/lang/Class;Ljava/util/List;Ljava/util/List;Ljava/util/Set;)V+68
j  org.springframework.cglib.proxy.Enhancer.generateClass(Lorg/springframework/asm/ClassVisitor;)V+116
j  org.springframework.cglib.transform.TransformingClassGenerator.generateClass(Lorg/springframework/asm/ClassVisitor;)V+16
j  org.springframework.cglib.core.DefaultGeneratorStrategy.generate(Lorg/springframework/cglib/core/ClassGenerator;)[B+11
j  org.springframework.cglib.core.ClassLoaderAwareGeneratorStrategy.generate(Lorg/springframework/cglib/core/ClassGenerator;)[B+66
j  org.springframework.cglib.core.AbstractClassGenerator.generate(Lorg/springframework/cglib/core/AbstractClassGenerator$ClassLoaderData;)Ljava/lang/Class;+139
j  org.springframework.cglib.proxy.Enhancer.generate(Lorg/springframework/cglib/core/AbstractClassGenerator$ClassLoaderData;)Ljava/lang/Class;+53
j  org.springframework.cglib.core.AbstractClassGenerator$ClassLoaderData$3.apply(Lorg/springframework/cglib/core/AbstractClassGenerator;)Ljava/lang/Object;+5
j  org.springframework.cglib.core.AbstractClassGenerator$ClassLoaderData$3.apply(Ljava/lang/Object;)Ljava/lang/Object;+5
j  org.springframework.cglib.core.internal.LoadingCache$2.call()Ljava/lang/Object;+11
j  java.util.concurrent.FutureTask.run$$$capture()V+39 java.base@14.0.1
j  java.util.concurrent.FutureTask.run()V+5 java.base@14.0.1
j  org.springframework.cglib.core.internal.LoadingCache.createEntry(Ljava/lang/Object;Ljava/lang/Object;Ljava/lang/Object;)Ljava/lang/Object;+58
j  org.springframework.cglib.core.internal.LoadingCache.get(Ljava/lang/Object;)Ljava/lang/Object;+39
j  org.springframework.cglib.core.AbstractClassGenerator$ClassLoaderData.get(Lorg/springframework/cglib/core/AbstractClassGenerator;Z)Ljava/lang/Object;+15
j  org.springframework.cglib.core.AbstractClassGenerator.create(Ljava/lang/Object;)Ljava/lang/Object;+115
j  org.springframework.cglib.proxy.Enhancer.createHelper()Ljava/lang/Object;+86
j  org.springframework.cglib.proxy.Enhancer.createClass()Ljava/lang/Class;+6
j  org.springframework.context.annotation.ConfigurationClassEnhancer.createClass(Lorg/springframework/cglib/proxy/Enhancer;)Ljava/lang/Class;+1
j  org.springframework.context.annotation.ConfigurationClassEnhancer.enhance(Ljava/lang/Class;Ljava/lang/ClassLoader;)Ljava/lang/Class;+53
j  org.springframework.context.annotation.ConfigurationClassPostProcessor.enhanceConfigurationClasses(Lorg/springframework/beans/factory/config/ConfigurableListableBeanFactory;)V+381
j  org.springframework.context.annotation.ConfigurationClassPostProcessor.postProcessBeanFactory(Lorg/springframework/beans/factory/config/ConfigurableListableBeanFactory;)V+88
j  org.springframework.context.support.PostProcessorRegistrationDelegate.invokeBeanFactoryPostProcessors(Ljava/util/Collection;Lorg/springframework/beans/factory/config/ConfigurableListableBeanFactory;)V+28
j  org.springframework.context.support.PostProcessorRegistrationDelegate.invokeBeanFactoryPostProcessors(Lorg/springframework/beans/factory/config/ConfigurableListableBeanFactory;Ljava/util/List;)V+494
j  org.springframework.context.support.AbstractApplicationContext.invokeBeanFactoryPostProcessors(Lorg/springframework/beans/factory/config/ConfigurableListableBeanFactory;)V+5
j  org.springframework.context.support.AbstractApplicationContext.refresh()V+28
j  org.springframework.boot.web.servlet.context.ServletWebServerApplicationContext.refresh()V+1
j  org.springframework.boot.SpringApplication.refresh(Lorg/springframework/context/ConfigurableApplicationContext;)V+1
j  org.springframework.boot.SpringApplication.refresh(Lorg/springframework/context/ApplicationContext;)V+11
j  org.springframework.boot.SpringApplication.refreshContext(Lorg/springframework/context/ConfigurableApplicationContext;)V+2
j  org.springframework.boot.SpringApplication.run([Ljava/lang/String;)Lorg/springframework/context/ConfigurableApplicationContext;+118
j  org.springframework.boot.SpringApplication.run([Ljava/lang/Class;[Ljava/lang/String;)Lorg/springframework/context/ConfigurableApplicationContext;+9
j  org.springframework.boot.SpringApplication.run(Ljava/lang/Class;[Ljava/lang/String;)Lorg/springframework/context/ConfigurableApplicationContext;+9
j  fete.bird.payment.FeteBirdPaymanentApplication.main([Ljava/lang/String;)V+3
v  ~StubRoutines::call_stub
j  jdk.internal.reflect.NativeMethodAccessorImpl.invoke0(Ljava/lang/reflect/Method;Ljava/lang/Object;[Ljava/lang/Object;)Ljava/lang/Object;+0 java.base@14.0.1
j  jdk.internal.reflect.NativeMethodAccessorImpl.invoke(Ljava/lang/Object;[Ljava/lang/Object;)Ljava/lang/Object;+100 java.base@14.0.1
j  jdk.internal.reflect.DelegatingMethodAccessorImpl.invoke(Ljava/lang/Object;[Ljava/lang/Object;)Ljava/lang/Object;+6 java.base@14.0.1
j  java.lang.reflect.Method.invoke(Ljava/lang/Object;[Ljava/lang/Object;)Ljava/lang/Object;+59 java.base@14.0.1
j  org.springframework.boot.devtools.restart.RestartLauncher.run()V+42
v  ~StubRoutines::call_stub

siginfo: si_signo: 10 (SIGBUS), si_code: 2 (BUS_ADRERR), si_addr: 0x00000001062bc1d8

Register to memory mapping:

RAX=0x0 is NULL
RBX=0x0 is NULL
RCX=0x0 is NULL
RDX=0x0000000000004000 is an unknown value
RSP=0x0000700008f0a0a0 is pointing into the stack for thread: 0x00007fa52eab7800
RBP=0x0000700008f0a140 is pointing into the stack for thread: 0x00007fa52eab7800
RSI=0x0000000052f67b4e is an unknown value
RDI=0x00000000000007b5 is an unknown value
R8 =0x0000000052f67b4a is an unknown value
R9 =0x00000000ffffc3ff is an unknown value
R10=0x00007fa52f600000 points into unknown readable memory: 01 00 0e 00 45 d3 74 65
R11=0x000000000000000f is an unknown value
R12=0x00007fa52f67b490 points into unknown readable memory: 00 00 00 00 00 00 00 00
R13=0x00007fa52ce30200 points into unknown readable memory: 90 01 e3 2c a5 7f 00 00
R14=0x00007fa52ce30330 points into unknown readable memory: 6e df 1a 2d 04 00 00 00
R15=0x00000001062bc1bc points into unknown readable memory: 50 4b 01 02


Registers:
RAX=0x0000000000000000, RBX=0x0000000000000000, RCX=0x0000000000000000, RDX=0x0000000000004000
RSP=0x0000700008f0a0a0, RBP=0x0000700008f0a140, RSI=0x0000000052f67b4e, RDI=0x00000000000007b5
R8 =0x0000000052f67b4a, R9 =0x00000000ffffc3ff, R10=0x00007fa52f600000, R11=0x000000000000000f
R12=0x00007fa52f67b490, R13=0x00007fa52ce30200, R14=0x00007fa52ce30330, R15=0x00000001062bc1bc
RIP=0x0000000105c9a983, EFLAGS=0x0000000000010202, ERR=0x0000000000000004
  TRAPNO=0x000000000000000e

Top of Stack: (sp=0x0000700008f0a0a0)
0x0000700008f0a0a0:   0000700008f0a0c0 0000000106978996
0x0000700008f0a0b0:   0000700008f0a0d0 0000000106a93ad7
0x0000700008f0a0c0:   0000700008f0a0e0 0000000106759ff6
0x0000700008f0a0d0:   0000700008f0a100 0000000106a93aad
0x0000700008f0a0e0:   0000700008f0a120 000000002eab7910
0x0000700008f0a0f0:   00007fa52eab7800 0000000000000004
0x0000700008f0a100:   0000700008f0a120 00007fa52ce30200
0x0000700008f0a110:   00007fa52cc9a450 000000002d1adf6e
0x0000700008f0a120:   0000000000000045 00007fa52f00b090
0x0000700008f0a130:   00007fa52ce302c0 0000000000000070
0x0000700008f0a140:   0000700008f0a1a0 0000000105c9a7ce
0x0000700008f0a150:   000000010f8d8c01 00007fa52cc9a490
0x0000700008f0a160:   0000000000000046 0000000006a93c8a
0x0000700008f0a170:   00007fa52ce30200 00007fa52cc9a490
0x0000700008f0a180:   00007fa52ce30200 00007fa52cc9a490
0x0000700008f0a190:   0000700008f0a1f8 0000700008f0a2cc
0x0000700008f0a1a0:   0000700008f0a1d0 0000000105c9b2ea
0x0000700008f0a1b0:   00007fa52cc9a490 00007fa52ce303b0
0x0000700008f0a1c0:   0000000000000000 0000700008f0a2cc
0x0000700008f0a1d0:   0000700008f0a2b0 00000001065568fe
0x0000700008f0a1e0:   0000003000000018 00007fa52eab7800
0x0000700008f0a1f0:   0000700008f0a130 fad3ae66c26000ed
0x0000700008f0a200:   0000700008f0a2f0 00000001066108e7
0x0000700008f0a210:   0000000780700660 0000000780700688
0x0000700008f0a220:   00007fa52cc9a450 000000000000003f
0x0000700008f0a230:   0000000000000040 000001fe94b38b61
0x0000700008f0a240:   00007fa52cf9f0a0 00000000101085a4
0x0000700008f0a250:   0000000106b2103e 0000000000000040
0x0000700008f0a260:   00007fa52cf9f0a0 0100000100000000
0x0000700008f0a270:   00007fa52cf9f0a0 000000000688ff9f
0x0000700008f0a280:   fad3ae66c26000ed 0000000000000000
0x0000700008f0a290:   00007fa52eab7800 00007fa52cc9a490 

Instructions: (pc=0x0000000105c9a983)
0x0000000105c9a883:   d9 83 c1 2f 31 d2 89 c8 f7 b7 88 00 00 00 48 c1
0x0000000105c9a893:   e2 02 48 03 97 80 00 00 00 41 ff c6 45 31 ff 89
0x0000000105c9a8a3:   cb 8b 02 4c 8b af 98 00 00 00 4d 85 ed 0f 84 e8
0x0000000105c9a8b3:   fe ff ff 41 8b 4d 44 44 39 c9 0f 85 db fe ff ff
0x0000000105c9a8c3:   85 c9 0f 8f b2 fe ff ff 48 c7 87 98 00 00 00 00
0x0000000105c9a8d3:   00 00 00 eb 03 45 31 ed 48 8b 7f 50 e8 f8 0e 00
0x0000000105c9a8e3:   00 4c 89 e8 48 83 c4 28 5b 41 5c 41 5d 41 5e 41
0x0000000105c9a8f3:   5f 5d c3 55 48 89 e5 39 ce 75 1f 41 b0 01 85 f6
0x0000000105c9a903:   7e 1b ff c6 31 c9 8a 04 0f 3a 04 0a 75 0c ff ce
0x0000000105c9a913:   48 ff c1 83 fe 01 7f ee eb 03 45 31 c0 41 0f b6
0x0000000105c9a923:   c0 5d c3 55 48 89 e5 41 57 41 56 41 55 41 54 53
0x0000000105c9a933:   48 83 ec 78 89 d3 49 89 f6 49 89 fd bf 48 00 00
0x0000000105c9a943:   00 e8 29 0f 00 00 49 89 c4 4d 85 e4 0f 84 fd 00
0x0000000105c9a953:   00 00 31 c0 49 89 04 24 49 89 44 24 30 49 89 44
0x0000000105c9a963:   24 28 41 80 7d 30 00 89 5d ac 0f 84 e7 00 00 00
0x0000000105c9a973:   4d 8b 7d 18 4d 03 7e 08 4d 2b 7d 28 4c 89 6d c8
0x0000000105c9a983:   41 0f b6 47 1c 41 0f b6 77 1d c1 e6 08 09 c6 41
0x0000000105c9a993:   0f b6 47 1e 89 45 b8 41 0f b6 47 1f 89 45 b0 41
0x0000000105c9a9a3:   0f b6 5f 20 41 0f b6 7f 21 41 0f b6 47 0c 41 0f
0x0000000105c9a9b3:   b6 4f 0d 48 c1 e1 08 48 09 c1 41 0f b6 47 0e 41
0x0000000105c9a9c3:   0f b6 57 0f 48 c1 e2 08 48 09 c2 48 c1 e2 10 48
0x0000000105c9a9d3:   09 ca 49 89 54 24 08 41 0f b6 47 18 41 0f b6 4f
0x0000000105c9a9e3:   19 48 c1 e1 08 48 09 c1 41 0f b6 47 1a 45 0f b6
0x0000000105c9a9f3:   6f 1b 49 c1 e5 08 49 09 c5 49 c1 e5 10 49 09 cd
0x0000000105c9aa03:   4d 89 6c 24 10 41 0f b6 47 0a 41 0f b6 4f 0b c1
0x0000000105c9aa13:   e1 08 09 c1 48 89 7d c0 89 5d d4 0f 84 e5 00 00
0x0000000105c9aa23:   00 41 0f b6 47 14 41 0f b6 4f 15 48 c1 e1 08 48
0x0000000105c9aa33:   09 c1 41 0f b6 47 16 41 0f b6 5f 17 48 c1 e3 08
0x0000000105c9aa43:   48 09 c3 48 c1 e3 10 48 09 cb e9 b9 00 00 00 45
0x0000000105c9aa53:   31 e4 e9 d4 03 00 00 4d 8b 76 08 85 db 0f 84 fc
0x0000000105c9aa63:   01 00 00 4d 8b 7d 38 4d 85 ff 74 68 49 8b 45 40
0x0000000105c9aa73:   4c 39 f0 7f 5f 48 8d 88 d2 1f 00 00 4c 39 f1 7c 


Stack slot to memory mapping:
stack at sp + 0 slots: 0x0000700008f0a0c0 is pointing into the stack for thread: 0x00007fa52eab7800
stack at sp + 1 slots: 0x0000000106978996: _ZN2os9vsnprintfEPcmPKcP13__va_list_tag+0x12 in /Users/macbook/Library/Java/JavaVirtualMachines/openjdk-14.0.1/Contents/Home/lib/server/libjvm.dylib at 0x0000000106389000
stack at sp + 2 slots: 0x0000700008f0a0d0 is pointing into the stack for thread: 0x00007fa52eab7800
stack at sp + 3 slots: 0x0000000106a93ad7: _ZN6Atomic4loadIPVvEET_PVKS3_+0x17 in /Users/macbook/Library/Java/JavaVirtualMachines/openjdk-14.0.1/Contents/Home/lib/server/libjvm.dylib at 0x0000000106389000
stack at sp + 4 slots: 0x0000700008f0a0e0 is pointing into the stack for thread: 0x00007fa52eab7800
stack at sp + 5 slots: 0x0000000106759ff6: jio_vsnprintf+0x16 in /Users/macbook/Library/Java/JavaVirtualMachines/openjdk-14.0.1/Contents/Home/lib/server/libjvm.dylib at 0x0000000106389000
stack at sp + 6 slots: 0x0000700008f0a100 is pointing into the stack for thread: 0x00007fa52eab7800
stack at sp + 7 slots: 0x0000000106a93aad: _ZNK6Atomic19PlatformOrderedLoadILm8EL15ScopedFenceType0EEclIPVvEET_PVKS6_+0x2d in /Users/macbook/Library/Java/JavaVirtualMachines/openjdk-14.0.1/Contents/Home/lib/server/libjvm.dylib at 0x0000000106389000


---------------  P R O C E S S  ---------------

Threads class SMR info:
_java_thread_list=0x00007fa52f618320, length=16, elements={
0x00007fa52d003800, 0x00007fa52e841800, 0x00007fa52d801000, 0x00007fa52e847800,
0x00007fa52e846000, 0x00007fa52e84a800, 0x00007fa52e84b000, 0x00007fa52d831800,
0x00007fa52d006000, 0x00007fa52d837800, 0x00007fa52d838800, 0x00007fa52ea4b000,
0x00007fa52d9da000, 0x00007fa52d1fc800, 0x00007fa52d22c000, 0x00007fa52eab7800
}

Java Threads: ( => current thread )
  0x00007fa52d003800 JavaThread "main" [_thread_blocked, id=6147, stack(0x00007000075c5000,0x00007000076c5000)]
  0x00007fa52e841800 JavaThread "Reference Handler" daemon [_thread_blocked, id=13827, stack(0x0000700007cda000,0x0000700007dda000)]
  0x00007fa52d801000 JavaThread "Finalizer" daemon [_thread_blocked, id=14595, stack(0x0000700007ddd000,0x0000700007edd000)]
  0x00007fa52e847800 JavaThread "Signal Dispatcher" daemon [_thread_blocked, id=22019, stack(0x0000700007ee0000,0x0000700007fe0000)]
  0x00007fa52e846000 JavaThread "Service Thread" daemon [_thread_blocked, id=42499, stack(0x0000700007fe3000,0x00007000080e3000)]
  0x00007fa52e84a800 JavaThread "C1 CompilerThread0" daemon [_thread_blocked, id=41987, stack(0x00007000080e6000,0x00007000081e6000)]
  0x00007fa52e84b000 JavaThread "Sweeper thread" daemon [_thread_blocked, id=23043, stack(0x00007000081e9000,0x00007000082e9000)]
  0x00007fa52d831800 JavaThread "Common-Cleaner" daemon [_thread_blocked, id=41219, stack(0x00007000082ec000,0x00007000083ec000)]
  0x00007fa52d006000 JavaThread "JDWP Transport Listener: dt_socket" daemon [_thread_blocked, id=40707, stack(0x00007000083ef000,0x00007000084ef000)]
  0x00007fa52d837800 JavaThread "JDWP Event Helper Thread" daemon [_thread_blocked, id=24067, stack(0x00007000084f2000,0x00007000085f2000)]
  0x00007fa52d838800 JavaThread "JDWP Command Reader" daemon [_thread_in_native, id=39939, stack(0x00007000085f5000,0x00007000086f5000)]
  0x00007fa52ea4b000 JavaThread "Notification Thread" daemon [_thread_blocked, id=25603, stack(0x00007000088fe000,0x00007000089fe000)]
  0x00007fa52d9da000 JavaThread "Attach Listener" daemon [_thread_blocked, id=26115, stack(0x0000700008a01000,0x0000700008b01000)]
  0x00007fa52d1fc800 JavaThread "RMI TCP Accept-0" daemon [_thread_in_native, id=26371, stack(0x0000700008b04000,0x0000700008c04000)]
  0x00007fa52d22c000 JavaThread "Thread-0" [_thread_blocked, id=38147, stack(0x0000700008d0a000,0x0000700008e0a000)]
=>0x00007fa52eab7800 JavaThread "restartedMain" [_thread_in_native, id=27139, stack(0x0000700008e0d000,0x0000700008f0d000)]

Other Threads:
  0x00007fa52e07b000 VMThread "VM Thread" [stack: 0x0000700007bd7000,0x0000700007cd7000] [id=16899]
  0x00007fa52d1fd800 WatcherThread [stack: 0x0000700008c07000,0x0000700008d07000] [id=26627]
  0x00007fa52e831000 GCTaskThread "GC Thread#0" [stack: 0x00007000076c8000,0x00007000077c8000] [id=18947]
  0x00007fa52e89b800 GCTaskThread "GC Thread#1" [stack: 0x00007000086f8000,0x00007000087f8000] [id=24579]
  0x00007fa52ea4a000 GCTaskThread "GC Thread#2" [stack: 0x00007000087fb000,0x00007000088fb000] [id=24835]
  0x00007fa52eb6c800 GCTaskThread "GC Thread#3" [stack: 0x0000700009013000,0x0000700009113000] [id=27911]
  0x00007fa52d826000 ConcurrentGCThread "G1 Main Marker" [stack: 0x00007000077cb000,0x00007000078cb000] [id=18435]
  0x00007fa52d826800 ConcurrentGCThread "G1 Conc#0" [stack: 0x00007000078ce000,0x00007000079ce000] [id=12803]
  0x00007fa52e05e800 ConcurrentGCThread "G1 Refine#0" [stack: 0x00007000079d1000,0x0000700007ad1000] [id=17667]
  0x00007fa52e05f000 ConcurrentGCThread "G1 Young RemSet Sampling" [stack: 0x0000700007ad4000,0x0000700007bd4000] [id=17411]

Threads with active compile tasks:

VM state:not at safepoint (normal execution)

VM Mutex/Monitor currently owned by a thread: None

Heap address: 0x0000000780000000, size: 2048 MB, Compressed Oops mode: Zero based, Oop shift amount: 3
Narrow klass base: 0x0000000800000000, Narrow klass shift: 3
Compressed class space size: 1073741824 Address: 0x0000000800b03000

Heap:
 garbage-first heap   total 51200K, used 28414K [0x0000000780000000, 0x0000000800000000)
  region size 1024K, 14 young (14336K), 4 survivors (4096K)
 Metaspace       used 27842K, capacity 28686K, committed 29056K, reserved 1075200K
  class space    used 3822K, capacity 4145K, committed 4224K, reserved 1048576K
Heap Regions: E=young(eden), S=young(survivor), O=old, HS=humongous(starts), HC=humongous(continues), CS=collection set, F=free, OA=open archive, CA=closed archive, TAMS=top-at-mark-start (previous, next)
|   0|0x0000000780000000, 0x0000000780100000, 0x0000000780100000|100%| O|  |TAMS 0x0000000780100000, 0x0000000780000000| Untracked 
|   1|0x0000000780100000, 0x0000000780200000, 0x0000000780200000|100%| O|  |TAMS 0x0000000780200000, 0x0000000780100000| Untracked 
|   2|0x0000000780200000, 0x0000000780300000, 0x0000000780300000|100%| O|  |TAMS 0x0000000780300000, 0x0000000780200000| Untracked 
|   3|0x0000000780300000, 0x0000000780400000, 0x0000000780400000|100%| O|  |TAMS 0x0000000780400000, 0x0000000780300000| Untracked 
|   4|0x0000000780400000, 0x0000000780500000, 0x0000000780500000|100%| O|  |TAMS 0x0000000780500000, 0x0000000780400000| Untracked 
|   5|0x0000000780500000, 0x0000000780600000, 0x0000000780600000|100%| O|  |TAMS 0x00000007805a4400, 0x0000000780500000| Untracked 
|   6|0x0000000780600000, 0x00000007806e8a00, 0x0000000780700000| 90%| O|  |TAMS 0x0000000780600000, 0x0000000780600000| Untracked 
|   7|0x0000000780700000, 0x0000000780800000, 0x0000000780800000|100%| O|  |TAMS 0x0000000780700000, 0x0000000780700000| Untracked 
|   8|0x0000000780800000, 0x0000000780900000, 0x0000000780900000|100%| O|  |TAMS 0x0000000780800000, 0x0000000780800000| Untracked 
|   9|0x0000000780900000, 0x0000000780a00000, 0x0000000780a00000|100%| O|  |TAMS 0x0000000780900000, 0x0000000780900000| Untracked 
|  10|0x0000000780a00000, 0x0000000780b00000, 0x0000000780b00000|100%| O|  |TAMS 0x0000000780a00000, 0x0000000780a00000| Untracked 
|  11|0x0000000780b00000, 0x0000000780c00000, 0x0000000780c00000|100%| O|  |TAMS 0x0000000780b00000, 0x0000000780b00000| Untracked 
|  12|0x0000000780c00000, 0x0000000780d00000, 0x0000000780d00000|100%| O|  |TAMS 0x0000000780c00000, 0x0000000780c00000| Untracked 
|  13|0x0000000780d00000, 0x0000000780e00000, 0x0000000780e00000|100%| O|  |TAMS 0x0000000780d00000, 0x0000000780d00000| Untracked 
|  14|0x0000000780e00000, 0x0000000780eea800, 0x0000000780f00000| 91%| O|  |TAMS 0x0000000780e00000, 0x0000000780e00000| Untracked 
|  15|0x0000000780f00000, 0x0000000780f00000, 0x0000000781000000|  0%| F|  |TAMS 0x0000000780f00000, 0x0000000780f00000| Untracked 
|  16|0x0000000781000000, 0x0000000781000000, 0x0000000781100000|  0%| F|  |TAMS 0x0000000781000000, 0x0000000781000000| Untracked 
|  17|0x0000000781100000, 0x0000000781100000, 0x0000000781200000|  0%| F|  |TAMS 0x0000000781100000, 0x0000000781100000| Untracked 
|  18|0x0000000781200000, 0x0000000781200000, 0x0000000781300000|  0%| F|  |TAMS 0x0000000781200000, 0x0000000781200000| Untracked 
|  19|0x0000000781300000, 0x0000000781300000, 0x0000000781400000|  0%| F|  |TAMS 0x0000000781300000, 0x0000000781300000| Untracked 
|  20|0x0000000781400000, 0x0000000781400000, 0x0000000781500000|  0%| F|  |TAMS 0x0000000781400000, 0x0000000781400000| Untracked 
|  21|0x0000000781500000, 0x0000000781500000, 0x0000000781600000|  0%| F|  |TAMS 0x0000000781500000, 0x0000000781500000| Untracked 
|  22|0x0000000781600000, 0x0000000781620788, 0x0000000781700000| 12%| S|CS|TAMS 0x0000000781600000, 0x0000000781600000| Complete 
|  23|0x0000000781700000, 0x0000000781800000, 0x0000000781800000|100%| S|CS|TAMS 0x0000000781700000, 0x0000000781700000| Complete 
|  24|0x0000000781800000, 0x0000000781900000, 0x0000000781900000|100%| S|CS|TAMS 0x0000000781800000, 0x0000000781800000| Complete 
|  25|0x0000000781900000, 0x0000000781a00000, 0x0000000781a00000|100%| S|CS|TAMS 0x0000000781900000, 0x0000000781900000| Complete 
|  26|0x0000000781a00000, 0x0000000781a00000, 0x0000000781b00000|  0%| F|  |TAMS 0x0000000781a00000, 0x0000000781a00000| Untracked 
|  27|0x0000000781b00000, 0x0000000781b00000, 0x0000000781c00000|  0%| F|  |TAMS 0x0000000781b00000, 0x0000000781b00000| Untracked 
|  28|0x0000000781c00000, 0x0000000781c00000, 0x0000000781d00000|  0%| F|  |TAMS 0x0000000781c00000, 0x0000000781c00000| Untracked 
|  29|0x0000000781d00000, 0x0000000781d00000, 0x0000000781e00000|  0%| F|  |TAMS 0x0000000781d00000, 0x0000000781d00000| Untracked 
|  30|0x0000000781e00000, 0x0000000781e00000, 0x0000000781f00000|  0%| F|  |TAMS 0x0000000781e00000, 0x0000000781e00000| Untracked 
|  31|0x0000000781f00000, 0x0000000781f00000, 0x0000000782000000|  0%| F|  |TAMS 0x0000000781f00000, 0x0000000781f00000| Untracked 
|  32|0x0000000782000000, 0x0000000782000000, 0x0000000782100000|  0%| F|  |TAMS 0x0000000782000000, 0x0000000782000000| Untracked 
|  33|0x0000000782100000, 0x0000000782100000, 0x0000000782200000|  0%| F|  |TAMS 0x0000000782100000, 0x0000000782100000| Untracked 
|  34|0x0000000782200000, 0x0000000782200000, 0x0000000782300000|  0%| F|  |TAMS 0x0000000782200000, 0x0000000782200000| Untracked 
|  35|0x0000000782300000, 0x0000000782300000, 0x0000000782400000|  0%| F|  |TAMS 0x0000000782300000, 0x0000000782300000| Untracked 
|  36|0x0000000782400000, 0x0000000782400000, 0x0000000782500000|  0%| F|  |TAMS 0x0000000782400000, 0x0000000782400000| Untracked 
|  37|0x0000000782500000, 0x0000000782500000, 0x0000000782600000|  0%| F|  |TAMS 0x0000000782500000, 0x0000000782500000| Untracked 
|  38|0x0000000782600000, 0x00000007826b3e28, 0x0000000782700000| 70%| E|  |TAMS 0x0000000782600000, 0x0000000782600000| Complete 
|  39|0x0000000782700000, 0x0000000782800000, 0x0000000782800000|100%| E|CS|TAMS 0x0000000782700000, 0x0000000782700000| Complete 
|  40|0x0000000782800000, 0x0000000782900000, 0x0000000782900000|100%| E|CS|TAMS 0x0000000782800000, 0x0000000782800000| Complete 
|  41|0x0000000782900000, 0x0000000782a00000, 0x0000000782a00000|100%| E|CS|TAMS 0x0000000782900000, 0x0000000782900000| Complete 
| 115|0x0000000787300000, 0x0000000787400000, 0x0000000787400000|100%| E|CS|TAMS 0x0000000787300000, 0x0000000787300000| Complete 
| 116|0x0000000787400000, 0x0000000787500000, 0x0000000787500000|100%| E|CS|TAMS 0x0000000787400000, 0x0000000787400000| Complete 
| 117|0x0000000787500000, 0x0000000787600000, 0x0000000787600000|100%| E|CS|TAMS 0x0000000787500000, 0x0000000787500000| Complete 
| 118|0x0000000787600000, 0x0000000787700000, 0x0000000787700000|100%| E|CS|TAMS 0x0000000787600000, 0x0000000787600000| Complete 
| 119|0x0000000787700000, 0x0000000787800000, 0x0000000787800000|100%| E|CS|TAMS 0x0000000787700000, 0x0000000787700000| Complete 
| 127|0x0000000787f00000, 0x0000000788000000, 0x0000000788000000|100%| E|CS|TAMS 0x0000000787f00000, 0x0000000787f00000| Complete 
|1022|0x00000007bfe00000, 0x00000007bfe51000, 0x00000007bff00000| 31%|OA|  |TAMS 0x00000007bfe51000, 0x00000007bfe00000| Untracked 
|1023|0x00000007bff00000, 0x00000007bff7b000, 0x00000007c0000000| 48%|CA|  |TAMS 0x00000007bff7b000, 0x00000007bff00000| Untracked 

Card table byte_map: [0x000000011ecad000,0x000000011f0ad000] _byte_map_base: 0x000000011b0ad000

Marking Bits (Prev, Next): (CMBitMap*) 0x00007fa52d810058, (CMBitMap*) 0x00007fa52d810018
 Prev Bits: [0x00000001214ad000, 0x00000001234ad000)
 Next Bits: [0x000000011f4ad000, 0x00000001214ad000)

Polling page: 0x00000001053a7000

Metaspace:

Usage:
  Non-class:     23.97 MB capacity,    23.46 MB ( 98%) used,   431.61 KB (  2%) free+waste,    89.31 KB ( <1%) overhead. 
      Class:      4.05 MB capacity,     3.73 MB ( 92%) used,   278.45 KB (  7%) free+waste,    44.44 KB (  1%) overhead. 
       Both:     28.01 MB capacity,    27.19 MB ( 97%) used,   710.06 KB (  2%) free+waste,   133.75 KB ( <1%) overhead. 

Virtual space:
  Non-class space:       26.00 MB reserved,      24.25 MB ( 93%) committed 
      Class space:        1.00 GB reserved,       4.12 MB ( <1%) committed 
             Both:        1.03 GB reserved,      28.38 MB (  3%) committed 

Chunk freelists:
   Non-Class:  107.00 KB
       Class:  3.00 KB
        Both:  110.00 KB

MaxMetaspaceSize: unlimited
CompressedClassSpaceSize: 1.00 GB

CodeHeap 'non-profiled nmethods': size=238948Kb used=6233Kb max_used=6233Kb free=232714Kb
 bounds [0x000000010ff54000, 0x0000000110574000, 0x000000011e8ad000]
CodeHeap 'non-nmethods': size=6812Kb used=1289Kb max_used=1289Kb free=5522Kb
 bounds [0x000000010f8ad000, 0x000000010fb1d000, 0x000000010ff54000]
 total_blobs=4204 nmethods=3693 adapters=422
 compilation: enabled
              stopped_count=0, restarted_count=0
 full_count=0

Compilation events (20 events):
Event: 29.459 Thread 0x00007fa52e84a800 3685       1       org.springframework.context.annotation.ConfigurationClassBeanDefinitionReader$ConfigurationClassBeanDefinition::getFactoryMethodMetadata (5 bytes)
Event: 29.459 Thread 0x00007fa52e84a800 nmethod 3685 0x0000000110562d90 code [0x0000000110562f20, 0x0000000110562ff0]
Event: 29.459 Thread 0x00007fa52e84a800 3686       1       org.springframework.beans.factory.annotation.AnnotatedGenericBeanDefinition::getFactoryMethodMetadata (5 bytes)
Event: 29.459 Thread 0x00007fa52e84a800 nmethod 3686 0x0000000110563090 code [0x0000000110563220, 0x00000001105632f0]
Event: 29.604 Thread 0x00007fa52e84a800 3687       1       org.springframework.asm.ByteVector::putByte (39 bytes)
Event: 29.604 Thread 0x00007fa52e84a800 nmethod 3687 0x0000000110563390 code [0x0000000110563520, 0x0000000110563680]
Event: 29.604 Thread 0x00007fa52e84a800 3688       1       org.springframework.asm.Frame::execute (2305 bytes)
Event: 29.613 Thread 0x00007fa52e84a800 nmethod 3688 0x0000000110563790 code [0x0000000110564220, 0x0000000110566ed0]
Event: 29.613 Thread 0x00007fa52e84a800 3689       1       org.springframework.asm.Frame::merge (317 bytes)
Event: 29.615 Thread 0x00007fa52e84a800 nmethod 3689 0x0000000110568a10 code [0x0000000110568be0, 0x0000000110569080]
Event: 29.615 Thread 0x00007fa52e84a800 3690       1       org.springframework.asm.Label::getCanonicalInstance (19 bytes)
Event: 29.615 Thread 0x00007fa52e84a800 nmethod 3690 0x0000000110569310 code [0x00000001105694a0, 0x0000000110569590]
Event: 29.615 Thread 0x00007fa52e84a800 3692       1       org.springframework.asm.ByteVector::putShort (52 bytes)
Event: 29.615 Thread 0x00007fa52e84a800 nmethod 3692 0x0000000110569610 code [0x00000001105697a0, 0x0000000110569940]
Event: 29.616 Thread 0x00007fa52e84a800 3693       1       org.springframework.asm.MethodWriter::visitAbstractType (8 bytes)
Event: 29.616 Thread 0x00007fa52e84a800 nmethod 3693 0x0000000110569a90 code [0x0000000110569c20, 0x0000000110569d30]
Event: 29.616 Thread 0x00007fa52e84a800 3691       1       org.springframework.asm.SymbolTable::get (13 bytes)
Event: 29.616 Thread 0x00007fa52e84a800 nmethod 3691 0x0000000110569e10 code [0x0000000110569fa0, 0x000000011056a0d0]
Event: 29.616 Thread 0x00007fa52e84a800 3694       1       org.springframework.asm.SymbolTable::hash (10 bytes)
Event: 29.617 Thread 0x00007fa52e84a800 nmethod 3694 0x000000011056a190 code [0x000000011056a320, 0x000000011056a3e0]

GC Heap History (20 events):
Event: 19.320 GC heap before
{Heap before GC invocations=7 (full 0):
 garbage-first heap   total 51200K, used 37320K [0x0000000780000000, 0x0000000800000000)
  region size 1024K, 30 young (30720K), 5 survivors (5120K)
 Metaspace       used 22455K, capacity 23228K, committed 23296K, reserved 1069056K
  class space    used 3006K, capacity 3304K, committed 3328K, reserved 1048576K
}
Event: 19.333 GC heap after
{Heap after GC invocations=8 (full 0):
 garbage-first heap   total 51200K, used 13790K [0x0000000780000000, 0x0000000800000000)
  region size 1024K, 2 young (2048K), 2 survivors (2048K)
 Metaspace       used 22455K, capacity 23228K, committed 23296K, reserved 1069056K
  class space    used 3006K, capacity 3304K, committed 3328K, reserved 1048576K
}
Event: 20.324 GC heap before
{Heap before GC invocations=8 (full 0):
 garbage-first heap   total 51200K, used 37342K [0x0000000780000000, 0x0000000800000000)
  region size 1024K, 25 young (25600K), 2 survivors (2048K)
 Metaspace       used 22916K, capacity 23725K, committed 23936K, reserved 1069056K
  class space    used 3081K, capacity 3383K, committed 3456K, reserved 1048576K
}
Event: 20.330 GC heap after
{Heap after GC invocations=9 (full 0):
 garbage-first heap   total 51200K, used 14542K [0x0000000780000000, 0x0000000800000000)
  region size 1024K, 3 young (3072K), 3 survivors (3072K)
 Metaspace       used 22916K, capacity 23725K, committed 23936K, reserved 1069056K
  class space    used 3081K, capacity 3383K, committed 3456K, reserved 1048576K
}
Event: 21.440 GC heap before
{Heap before GC invocations=9 (full 0):
 garbage-first heap   total 51200K, used 38094K [0x0000000780000000, 0x0000000800000000)
  region size 1024K, 26 young (26624K), 3 survivors (3072K)
 Metaspace       used 23061K, capacity 23842K, committed 23936K, reserved 1069056K
  class space    used 3102K, capacity 3419K, committed 3456K, reserved 1048576K
}
Event: 21.445 GC heap after
{Heap after GC invocations=10 (full 0):
 garbage-first heap   total 51200K, used 14923K [0x0000000780000000, 0x0000000800000000)
  region size 1024K, 3 young (3072K), 3 survivors (3072K)
 Metaspace       used 23061K, capacity 23842K, committed 23936K, reserved 1069056K
  class space    used 3102K, capacity 3419K, committed 3456K, reserved 1048576K
}
Event: 22.633 GC heap before
{Heap before GC invocations=10 (full 0):
 garbage-first heap   total 51200K, used 38475K [0x0000000780000000, 0x0000000800000000)
  region size 1024K, 26 young (26624K), 3 survivors (3072K)
 Metaspace       used 23201K, capacity 24029K, committed 24320K, reserved 1071104K
  class space    used 3125K, capacity 3457K, committed 3584K, reserved 1048576K
}
Event: 22.639 GC heap after
{Heap after GC invocations=11 (full 0):
 garbage-first heap   total 51200K, used 15498K [0x0000000780000000, 0x0000000800000000)
  region size 1024K, 2 young (2048K), 2 survivors (2048K)
 Metaspace       used 23201K, capacity 24029K, committed 24320K, reserved 1071104K
  class space    used 3125K, capacity 3457K, committed 3584K, reserved 1048576K
}
Event: 23.572 GC heap before
{Heap before GC invocations=11 (full 0):
 garbage-first heap   total 51200K, used 39050K [0x0000000780000000, 0x0000000800000000)
  region size 1024K, 26 young (26624K), 2 survivors (2048K)
 Metaspace       used 23356K, capacity 24204K, committed 24576K, reserved 1071104K
  class space    used 3156K, capacity 3472K, committed 3584K, reserved 1048576K
}
Event: 23.577 GC heap after
{Heap after GC invocations=12 (full 0):
 garbage-first heap   total 51200K, used 15976K [0x0000000780000000, 0x0000000800000000)
  region size 1024K, 3 young (3072K), 3 survivors (3072K)
 Metaspace       used 23356K, capacity 24204K, committed 24576K, reserved 1071104K
  class space    used 3156K, capacity 3472K, committed 3584K, reserved 1048576K
}
Event: 23.911 GC heap before
{Heap before GC invocations=12 (full 0):
 garbage-first heap   total 51200K, used 39528K [0x0000000780000000, 0x0000000800000000)
  region size 1024K, 26 young (26624K), 3 survivors (3072K)
 Metaspace       used 23466K, capacity 24306K, committed 24576K, reserved 1071104K
  class space    used 3176K, capacity 3505K, committed 3584K, reserved 1048576K
}
Event: 23.916 GC heap after
{Heap after GC invocations=13 (full 0):
 garbage-first heap   total 51200K, used 16080K [0x0000000780000000, 0x0000000800000000)
  region size 1024K, 2 young (2048K), 2 survivors (2048K)
 Metaspace       used 23466K, capacity 24306K, committed 24576K, reserved 1071104K
  class space    used 3176K, capacity 3505K, committed 3584K, reserved 1048576K
}
Event: 25.095 GC heap before
{Heap before GC invocations=13 (full 0):
 garbage-first heap   total 51200K, used 39632K [0x0000000780000000, 0x0000000800000000)
  region size 1024K, 26 young (26624K), 2 survivors (2048K)
 Metaspace       used 23488K, capacity 24306K, committed 24576K, reserved 1071104K
  class space    used 3184K, capacity 3505K, committed 3584K, reserved 1048576K
}
Event: 25.099 GC heap after
{Heap after GC invocations=14 (full 0):
 garbage-first heap   total 51200K, used 16793K [0x0000000780000000, 0x0000000800000000)
  region size 1024K, 3 young (3072K), 3 survivors (3072K)
 Metaspace       used 23488K, capacity 24306K, committed 24576K, reserved 1071104K
  class space    used 3184K, capacity 3505K, committed 3584K, reserved 1048576K
}
Event: 26.180 GC heap before
{Heap before GC invocations=14 (full 0):
 garbage-first heap   total 51200K, used 40345K [0x0000000780000000, 0x0000000800000000)
  region size 1024K, 26 young (26624K), 3 survivors (3072K)
 Metaspace       used 23944K, capacity 24792K, committed 25088K, reserved 1071104K
  class space    used 3230K, capacity 3538K, committed 3584K, reserved 1048576K
}
Event: 26.185 GC heap after
{Heap after GC invocations=15 (full 0):
 garbage-first heap   total 51200K, used 17191K [0x0000000780000000, 0x0000000800000000)
  region size 1024K, 3 young (3072K), 3 survivors (3072K)
 Metaspace       used 23944K, capacity 24792K, committed 25088K, reserved 1071104K
  class space    used 3230K, capacity 3538K, committed 3584K, reserved 1048576K
}
Event: 27.676 GC heap before
{Heap before GC invocations=15 (full 0):
 garbage-first heap   total 51200K, used 39719K [0x0000000780000000, 0x0000000800000000)
  region size 1024K, 26 young (26624K), 3 survivors (3072K)
 Metaspace       used 25578K, capacity 26468K, committed 26624K, reserved 1073152K
  class space    used 3473K, capacity 3813K, committed 3840K, reserved 1048576K
}
Event: 27.682 GC heap after
{Heap after GC invocations=16 (full 0):
 garbage-first heap   total 51200K, used 18205K [0x0000000780000000, 0x0000000800000000)
  region size 1024K, 3 young (3072K), 3 survivors (3072K)
 Metaspace       used 25578K, capacity 26468K, committed 26624K, reserved 1073152K
  class space    used 3473K, capacity 3813K, committed 3840K, reserved 1048576K
}
Event: 29.118 GC heap before
{Heap before GC invocations=16 (full 0):
 garbage-first heap   total 51200K, used 40733K [0x0000000780000000, 0x0000000800000000)
  region size 1024K, 25 young (25600K), 3 survivors (3072K)
 Metaspace       used 26761K, capacity 27659K, committed 27904K, reserved 1073152K
  class space    used 3675K, capacity 4016K, committed 4096K, reserved 1048576K
}
Event: 29.124 GC heap after
{Heap after GC invocations=17 (full 0):
 garbage-first heap   total 51200K, used 19198K [0x0000000780000000, 0x0000000800000000)
  region size 1024K, 4 young (4096K), 4 survivors (4096K)
 Metaspace       used 26761K, capacity 27659K, committed 27904K, reserved 1073152K
  class space    used 3675K, capacity 4016K, committed 4096K, reserved 1048576K
}

Deoptimization events (20 events):
Event: 29.318 Thread 0x00007fa52eab7800 DEOPT PACKING pc=0x00000001102e02b4 sp=0x0000700008f0aee0
Event: 29.318 Thread 0x00007fa52eab7800 DEOPT UNPACKING pc=0x000000010f8f633a sp=0x0000700008f0a470 mode 1
Event: 29.339 Thread 0x00007fa52eab7800 DEOPT PACKING pc=0x000000011038c2bc sp=0x0000700008f0aa70
Event: 29.339 Thread 0x00007fa52eab7800 DEOPT UNPACKING pc=0x000000010f8f633a sp=0x0000700008f09fb8 mode 1
Event: 29.339 Thread 0x00007fa52eab7800 DEOPT PACKING pc=0x000000011038b5cc sp=0x0000700008f0ab50
Event: 29.339 Thread 0x00007fa52eab7800 DEOPT UNPACKING pc=0x000000010f8f633a sp=0x0000700008f0a0e8 mode 1
Event: 29.339 Thread 0x00007fa52eab7800 DEOPT PACKING pc=0x00000001103897e4 sp=0x0000700008f0ac80
Event: 29.339 Thread 0x00007fa52eab7800 DEOPT UNPACKING pc=0x000000010f8f633a sp=0x0000700008f0a260 mode 1
Event: 29.340 Thread 0x00007fa52eab7800 DEOPT PACKING pc=0x000000011038c2bc sp=0x0000700008f0aa70
Event: 29.340 Thread 0x00007fa52eab7800 DEOPT UNPACKING pc=0x000000010f8f633a sp=0x0000700008f09fb8 mode 1
Event: 29.340 Thread 0x00007fa52eab7800 DEOPT PACKING pc=0x000000011038b5cc sp=0x0000700008f0ab50
Event: 29.340 Thread 0x00007fa52eab7800 DEOPT UNPACKING pc=0x000000010f8f633a sp=0x0000700008f0a0e8 mode 1
Event: 29.340 Thread 0x00007fa52eab7800 DEOPT PACKING pc=0x00000001103897e4 sp=0x0000700008f0ac80
Event: 29.340 Thread 0x00007fa52eab7800 DEOPT UNPACKING pc=0x000000010f8f633a sp=0x0000700008f0a260 mode 1
Event: 29.341 Thread 0x00007fa52eab7800 DEOPT PACKING pc=0x000000011038c2bc sp=0x0000700008f0aa70
Event: 29.341 Thread 0x00007fa52eab7800 DEOPT UNPACKING pc=0x000000010f8f633a sp=0x0000700008f09fb8 mode 1
Event: 29.341 Thread 0x00007fa52eab7800 DEOPT PACKING pc=0x000000011038b5cc sp=0x0000700008f0ab50
Event: 29.341 Thread 0x00007fa52eab7800 DEOPT UNPACKING pc=0x000000010f8f633a sp=0x0000700008f0a0e8 mode 1
Event: 29.341 Thread 0x00007fa52eab7800 DEOPT PACKING pc=0x00000001103897e4 sp=0x0000700008f0ac80
Event: 29.341 Thread 0x00007fa52eab7800 DEOPT UNPACKING pc=0x000000010f8f633a sp=0x0000700008f0a260 mode 1

Classes unloaded (0 events):
No events

Classes redefined (0 events):
No events

Internal exceptions (20 events):
Event: 10.319 Thread 0x00007fa52eab7800 Exception <a 'java/lang/ClassNotFoundException'{0x00000007851f1390}: org/springframework/context/annotation/ConfigurationClassPostProcessorCustomizer> (0x00000007851f1390) 
thrown [./open/src/hotspot/share/classfile/systemDictionary.cpp, line 226]
Event: 10.329 Thread 0x00007fa52eab7800 Exception <a 'java/lang/ClassNotFoundException'{0x00000007850c4710}: org/springframework/beans/factory/support/BeanDefinitionRegistryPostProcessorCustomizer> (0x00000007850c4710) 
thrown [./open/src/hotspot/share/classfile/systemDictionary.cpp, line 226]
Event: 10.332 Thread 0x00007fa52eab7800 Exception <a 'java/lang/ClassNotFoundException'{0x00000007850e7ba0}: org/springframework/beans/factory/config/BeanFactoryPostProcessorCustomizer> (0x00000007850e7ba0) 
thrown [./open/src/hotspot/share/classfile/systemDictionary.cpp, line 226]
Event: 10.333 Thread 0x00007fa52eab7800 Exception <a 'java/lang/ClassNotFoundException'{0x0000000784f04d90}: org/springframework/core/PriorityOrderedCustomizer> (0x0000000784f04d90) 
thrown [./open/src/hotspot/share/classfile/systemDictionary.cpp, line 226]
Event: 10.334 Thread 0x00007fa52eab7800 Exception <a 'java/lang/ClassNotFoundException'{0x0000000784f1e7c0}: org/springframework/core/OrderedCustomizer> (0x0000000784f1e7c0) 
thrown [./open/src/hotspot/share/classfile/systemDictionary.cpp, line 226]
Event: 10.335 Thread 0x00007fa52e264800 Exception <a 'java/lang/NoSuchMethodError'{0x0000000784f8e220}: 'java.lang.Object java.lang.invoke.DirectMethodHandle$Holder.invokeVirtual(java.lang.Object, java.lang.Object, java.lang.Object, java.lang.Object)'> (0x0000000784f8e220) 
thrown [./open/src/hotspot/share/interpreter/linkResolver.cpp, line 766]
Event: 10.335 Thread 0x00007fa52eab7800 Exception <a 'java/lang/ClassNotFoundException'{0x0000000784f3c3b8}: org/springframework/context/ResourceLoaderAwareCustomizer> (0x0000000784f3c3b8) 
thrown [./open/src/hotspot/share/classfile/systemDictionary.cpp, line 226]
Event: 10.344 Thread 0x00007fa52eab7800 Exception <a 'java/lang/ClassNotFoundException'{0x0000000784f583b8}: org/springframework/beans/factory/AwareCustomizer> (0x0000000784f583b8) 
thrown [./open/src/hotspot/share/classfile/systemDictionary.cpp, line 226]
Event: 10.356 Thread 0x00007fa52eab7800 Exception <a 'java/lang/ClassNotFoundException'{0x0000000784f76e20}: org/springframework/beans/factory/BeanClassLoaderAwareCustomizer> (0x0000000784f76e20) 
thrown [./open/src/hotspot/share/classfile/systemDictionary.cpp, line 226]
Event: 10.397 Thread 0x00007fa52eab7800 Exception <a 'java/lang/ClassNotFoundException'{0x0000000784e95ad8}: org/springframework/beans/factory/AwareCustomizer> (0x0000000784e95ad8) 
thrown [./open/src/hotspot/share/classfile/systemDictionary.cpp, line 226]
Event: 10.402 Thread 0x00007fa52eab7800 Exception <a 'java/lang/ClassNotFoundException'{0x0000000784eb24d0}: org/springframework/context/EnvironmentAwareCustomizer> (0x0000000784eb24d0) 
thrown [./open/src/hotspot/share/classfile/systemDictionary.cpp, line 226]
Event: 10.405 Thread 0x00007fa52eab7800 Exception <a 'java/lang/ClassNotFoundException'{0x0000000784ece438}: org/springframework/beans/factory/AwareCustomizer> (0x0000000784ece438) 
thrown [./open/src/hotspot/share/classfile/systemDictionary.cpp, line 226]
Event: 10.716 Thread 0x00007fa52eab7800 Exception <a 'java/lang/NoSuchMethodError'{0x0000000784617f80}: 'void java.lang.invoke.DirectMethodHandle$Holder.invokeInterface(java.lang.Object, java.lang.Object, java.lang.Object, java.lang.Object)'> (0x0000000784617f80) 
thrown [./open/src/hotspot/share/interpreter/linkResolver.cpp, line 766]
Event: 12.064 Thread 0x00007fa52e32d800 Exception <a 'java/net/UnknownHostException'{0x0000000783a7de78}> (0x0000000783a7de78) 
thrown [./open/src/hotspot/share/prims/jni.cpp, line 620]
Event: 17.296 Thread 0x00007fa52eab7800 Exception <a 'java/lang/ClassNotFoundException'{0x0000000787de6d08}: java/lang/ObjectCustomizer> (0x0000000787de6d08) 
thrown [./open/src/hotspot/share/classfile/systemDictionary.cpp, line 226]
Event: 17.298 Thread 0x00007fa52eab7800 Exception <a 'java/lang/ClassNotFoundException'{0x0000000787c0b618}: org/springframework/cloud/config/client/ConfigClientPropertiesCustomizer> (0x0000000787c0b618) 
thrown [./open/src/hotspot/share/classfile/systemDictionary.cpp, line 226]
Event: 17.971 Thread 0x00007fa52eab7800 Exception <a 'java/lang/NoSuchMethodError'{0x00000007825c4388}: 'java.lang.Object java.lang.invoke.DirectMethodHandle$Holder.invokeSpecialIFC(java.lang.Object, java.lang.Object, java.lang.Object, java.lang.Object)'> (0x00000007825c4388) 
thrown [./open/src/hotspot/share/interpreter/linkResolver.cpp, line 766]
Event: 17.994 Thread 0x00007fa52eab7800 Exception <a 'java/net/ConnectException'{0x00000007825edbe8}> (0x00000007825edbe8) 
thrown [./open/src/hotspot/share/prims/jni.cpp, line 599]
Event: 18.569 Thread 0x00007fa52eab7800 Exception <a 'java/lang/NoSuchMethodError'{0x00000007821a8da8}: 'int java.lang.invoke.DirectMethodHandle$Holder.invokeSpecialIFC(java.lang.Object, java.lang.Object, java.lang.Object, java.lang.Object)'> (0x00000007821a8da8) 
thrown [./open/src/hotspot/share/interpreter/linkResolver.cpp, line 766]
Event: 19.367 Thread 0x00007fa52eab7800 Exception <a 'java/lang/IncompatibleClassChangeError'{0x0000000787721448}: Found class java.lang.Object, but interface was expected> (0x0000000787721448) 
thrown [./open/src/hotspot/share/interpreter/linkResolver.cpp, line 832]

Events (20 events):
Event: 29.656 loading class java/util/WeakHashMap$EntrySet done
Event: 29.656 loading class java/util/WeakHashMap$EntryIterator
Event: 29.656 loading class java/util/WeakHashMap$HashIterator
Event: 29.656 loading class java/util/WeakHashMap$HashIterator done
Event: 29.656 loading class java/util/WeakHashMap$EntryIterator done
Event: 29.657 loading class org/springframework/context/annotation/ConfigurationClassEnhancer$BeanFactoryAwareGeneratorStrategy$1
Event: 29.657 loading class org/springframework/context/annotation/ConfigurationClassEnhancer$BeanFactoryAwareGeneratorStrategy$1 done
Event: 29.657 loading class org/springframework/cglib/transform/ClassEmitterTransformer
Event: 29.657 loading class org/springframework/cglib/transform/ClassEmitterTransformer done
Event: 29.658 loading class org/springframework/cglib/transform/TransformingClassGenerator
Event: 29.658 loading class org/springframework/cglib/transform/TransformingClassGenerator done
Event: 29.659 loading class org/springframework/cglib/core/VisibilityPredicate
Event: 29.659 loading class org/springframework/cglib/core/VisibilityPredicate done
Event: 29.660 loading class org/springframework/cglib/proxy/Factory
Event: 29.660 loading class org/springframework/cglib/proxy/Factory done
Event: 29.661 loading class org/springframework/cglib/core/MethodWrapper
Event: 29.661 loading class org/springframework/cglib/core/MethodWrapper done
Event: 29.661 loading class org/springframework/cglib/core/MethodWrapper$MethodWrapperKey
Event: 29.661 loading class org/springframework/cglib/core/MethodWrapper$MethodWrapperKey done
Event: 29.662 loading class com/intellij/rt/debugger/agent/CaptureStorage$DeepCapturedStack


Dynamic libraries:
0x00007fff5942a000 	/usr/lib/libz.1.dylib
0x000000010535d000 	/Users/macbook/Library/Java/JavaVirtualMachines/openjdk-14.0.1/Contents/Home/lib/libjli.dylib
0x00007fff2d4b8000 	/System/Library/Frameworks/Cocoa.framework/Versions/A/Cocoa
0x00007fff39298000 	/System/Library/Frameworks/Security.framework/Versions/A/Security
0x00007fff2c14a000 	/System/Library/Frameworks/ApplicationServices.framework/Versions/A/ApplicationServices
0x00007fff56d0a000 	/usr/lib/libSystem.B.dylib
0x00007fff59c20000 	/usr/lib/system/libcache.dylib
0x00007fff59c25000 	/usr/lib/system/libcommonCrypto.dylib
0x00007fff59c30000 	/usr/lib/system/libcompiler_rt.dylib
0x00007fff59c38000 	/usr/lib/system/libcopyfile.dylib
0x00007fff59c42000 	/usr/lib/system/libcorecrypto.dylib
0x00007fff59d4d000 	/usr/lib/system/libdispatch.dylib
0x00007fff59d87000 	/usr/lib/system/libdyld.dylib
0x00007fff59db4000 	/usr/lib/system/libkeymgr.dylib
0x00007fff59dc2000 	/usr/lib/system/liblaunch.dylib
0x00007fff59dc3000 	/usr/lib/system/libmacho.dylib
0x00007fff59dc9000 	/usr/lib/system/libquarantine.dylib
0x00007fff59dcc000 	/usr/lib/system/libremovefile.dylib
0x00007fff59dce000 	/usr/lib/system/libsystem_asl.dylib
0x00007fff59de6000 	/usr/lib/system/libsystem_blocks.dylib
0x00007fff59de7000 	/usr/lib/system/libsystem_c.dylib
0x00007fff59e6f000 	/usr/lib/system/libsystem_configuration.dylib
0x00007fff59e73000 	/usr/lib/system/libsystem_coreservices.dylib
0x00007fff59e77000 	/usr/lib/system/libsystem_darwin.dylib
0x00007fff59e7e000 	/usr/lib/system/libsystem_dnssd.dylib
0x00007fff59e85000 	/usr/lib/system/libsystem_info.dylib
0x00007fff59efa000 	/usr/lib/system/libsystem_m.dylib
0x00007fff59f46000 	/usr/lib/system/libsystem_malloc.dylib
0x00007fff59f71000 	/usr/lib/system/libsystem_networkextension.dylib
0x00007fff59f7c000 	/usr/lib/system/libsystem_notify.dylib
0x00007fff59f99000 	/usr/lib/system/libsystem_sandbox.dylib
0x00007fff59f9d000 	/usr/lib/system/libsystem_secinit.dylib
0x00007fff59ed1000 	/usr/lib/system/libsystem_kernel.dylib
0x00007fff59f84000 	/usr/lib/system/libsystem_platform.dylib
0x00007fff59f8e000 	/usr/lib/system/libsystem_pthread.dylib
0x00007fff59fa0000 	/usr/lib/system/libsystem_symptoms.dylib
0x00007fff59fa8000 	/usr/lib/system/libsystem_trace.dylib
0x00007fff59fbf000 	/usr/lib/system/libunwind.dylib
0x00007fff59fc5000 	/usr/lib/system/libxpc.dylib
0x00007fff585c3000 	/usr/lib/libobjc.A.dylib
0x00007fff57023000 	/usr/lib/libc++abi.dylib
0x00007fff56fcf000 	/usr/lib/libc++.1.dylib
0x00007fff2dd3b000 	/System/Library/Frameworks/CoreFoundation.framework/Versions/A/CoreFoundation
0x00007fff2ffdd000 	/System/Library/Frameworks/Foundation.framework/Versions/C/Foundation
0x00007fff2b343000 	/System/Library/Frameworks/AppKit.framework/Versions/C/AppKit
0x00007fff2d8b6000 	/System/Library/Frameworks/CoreData.framework/Versions/A/CoreData
0x00007fff507ce000 	/System/Library/PrivateFrameworks/RemoteViewServices.framework/Versions/A/RemoteViewServices
0x00007fff54a46000 	/System/Library/PrivateFrameworks/UIFoundation.framework/Versions/A/UIFoundation
0x00007fff5612b000 	/System/Library/PrivateFrameworks/XCTTargetBootstrap.framework/Versions/A/XCTTargetBootstrap
0x00007fff2dc4a000 	/System/Library/Frameworks/CoreDisplay.framework/Versions/A/CoreDisplay
0x00007fff4b4e1000 	/System/Library/PrivateFrameworks/IconServices.framework/Versions/A/IconServices
0x00007fff32905000 	/System/Library/Frameworks/Metal.framework/Versions/A/Metal
0x00007fff42a25000 	/System/Library/PrivateFrameworks/DesktopServicesPriv.framework/Versions/A/DesktopServicesPriv
0x00007fff57926000 	/usr/lib/libenergytrace.dylib
0x00007fff52f2c000 	/System/Library/PrivateFrameworks/SkyLight.framework/Versions/A/SkyLight
0x00007fff2e183000 	/System/Library/Frameworks/CoreGraphics.framework/Versions/A/CoreGraphics
0x00007fff29f2d000 	/System/Library/Frameworks/Accelerate.framework/Versions/A/Accelerate
0x00007fff30726000 	/System/Library/Frameworks/IOSurface.framework/Versions/A/IOSurface
0x00007fff42891000 	/System/Library/PrivateFrameworks/DFRFoundation.framework/Versions/A/DFRFoundation
0x00007fff2c62d000 	/System/Library/Frameworks/AudioToolbox.framework/Versions/A/AudioToolbox
0x00007fff2c8a6000 	/System/Library/Frameworks/AudioUnit.framework/Versions/A/AudioUnit
0x00007fff42926000 	/System/Library/PrivateFrameworks/DataDetectorsCore.framework/Versions/A/DataDetectorsCore
0x00007fff2cfbb000 	/System/Library/Frameworks/Carbon.framework/Versions/A/Frameworks/HIToolbox.framework/Versions/A/HIToolbox
0x00007fff57a7f000 	/usr/lib/libicucore.A.dylib
0x00007fff3880b000 	/System/Library/Frameworks/QuartzCore.framework/Versions/A/QuartzCore
0x00007fff2d390000 	/System/Library/Frameworks/Carbon.framework/Versions/A/Frameworks/SpeechRecognition.framework/Versions/A/SpeechRecognition
0x00007fff56ede000 	/usr/lib/libauto.dylib
0x00007fff5931d000 	/usr/lib/libxml2.2.dylib
0x00007fff4246c000 	/System/Library/PrivateFrameworks/CoreUI.framework/Versions/A/CoreUI
0x00007fff2d7a1000 	/System/Library/Frameworks/CoreAudio.framework/Versions/A/CoreAudio
0x00007fff2fe11000 	/System/Library/Frameworks/DiskArbitration.framework/Versions/A/DiskArbitration
0x00007fff57d2d000 	/usr/lib/liblangid.dylib
0x00007fff4c912000 	/System/Library/PrivateFrameworks/MultitouchSupport.framework/Versions/A/MultitouchSupport
0x00007fff30695000 	/System/Library/Frameworks/IOKit.framework/Versions/A/IOKit
0x00007fff568ca000 	/usr/lib/libDiagnosticMessagesClient.dylib
0x00007fff2efaf000 	/System/Library/Frameworks/CoreServices.framework/Versions/A/CoreServices
0x00007fff4e5cd000 	/System/Library/PrivateFrameworks/PerformanceAnalysis.framework/Versions/A/PerformanceAnalysis
0x00007fff379f2000 	/System/Library/Frameworks/OpenGL.framework/Versions/A/OpenGL
0x00007fff2d4c6000 	/System/Library/Frameworks/ColorSync.framework/Versions/A/ColorSync
0x00007fff2e831000 	/System/Library/Frameworks/CoreImage.framework/Versions/A/CoreImage
0x00007fff2f987000 	/System/Library/Frameworks/CoreText.framework/Versions/A/CoreText
0x00007fff30789000 	/System/Library/Frameworks/ImageIO.framework/Versions/A/ImageIO
0x00007fff3eabc000 	/System/Library/PrivateFrameworks/Backup.framework/Versions/A/Backup
0x00007fff56db1000 	/usr/lib/libarchive.2.dylib
0x00007fff2cbff000 	/System/Library/Frameworks/CFNetwork.framework/Versions/A/CFNetwork
0x00007fff399f4000 	/System/Library/Frameworks/SystemConfiguration.framework/Versions/A/SystemConfiguration
0x00007fff567fb000 	/usr/lib/libCRFSuite.dylib
0x00007fff56fb0000 	/usr/lib/libbsm.0.dylib
0x00007fff59db5000 	/usr/lib/system/libkxld.dylib
0x00007fff3dead000 	/System/Library/PrivateFrameworks/AppleFSCompression.framework/Versions/A/AppleFSCompression
0x00007fff56bca000 	/usr/lib/libOpenScriptingUtil.dylib
0x00007fff572d8000 	/usr/lib/libcoretls.dylib
0x00007fff572ef000 	/usr/lib/libcoretls_cfhelpers.dylib
0x00007fff58d5d000 	/usr/lib/libpam.2.dylib
0x00007fff58f1d000 	/usr/lib/libsqlite3.dylib
0x00007fff5930b000 	/usr/lib/libxar.1.dylib
0x00007fff56fc1000 	/usr/lib/libbz2.1.0.dylib
0x00007fff57d2f000 	/usr/lib/liblzma.5.dylib
0x00007fff581e0000 	/usr/lib/libnetwork.dylib
0x00007fff56d9a000 	/usr/lib/libapple_nghttp2.dylib
0x00007fff58d64000 	/usr/lib/libpcap.A.dylib
0x00007fff2f34e000 	/System/Library/Frameworks/CoreServices.framework/Versions/A/Frameworks/FSEvents.framework/Versions/A/FSEvents
0x00007fff2f02d000 	/System/Library/Frameworks/CoreServices.framework/Versions/A/Frameworks/CarbonCore.framework/Versions/A/CarbonCore
0x00007fff2f509000 	/System/Library/Frameworks/CoreServices.framework/Versions/A/Frameworks/Metadata.framework/Versions/A/Metadata
0x00007fff2f5a8000 	/System/Library/Frameworks/CoreServices.framework/Versions/A/Frameworks/OSServices.framework/Versions/A/OSServices
0x00007fff2f5f3000 	/System/Library/Frameworks/CoreServices.framework/Versions/A/Frameworks/SearchKit.framework/Versions/A/SearchKit
0x00007fff2efb0000 	/System/Library/Frameworks/CoreServices.framework/Versions/A/Frameworks/AE.framework/Versions/A/AE
0x00007fff2f357000 	/System/Library/Frameworks/CoreServices.framework/Versions/A/Frameworks/LaunchServices.framework/Versions/A/LaunchServices
0x00007fff2f305000 	/System/Library/Frameworks/CoreServices.framework/Versions/A/Frameworks/DictionaryServices.framework/Versions/A/DictionaryServices
0x00007fff2f65b000 	/System/Library/Frameworks/CoreServices.framework/Versions/A/Frameworks/SharedFileList.framework/Versions/A/SharedFileList
0x00007fff339cd000 	/System/Library/Frameworks/NetFS.framework/Versions/A/NetFS
0x00007fff4cb78000 	/System/Library/PrivateFrameworks/NetAuth.framework/Versions/A/NetAuth
0x00007fff5652f000 	/System/Library/PrivateFrameworks/login.framework/Versions/A/Frameworks/loginsupport.framework/Versions/A/loginsupport
0x00007fff5464f000 	/System/Library/PrivateFrameworks/TCC.framework/Versions/A/TCC
0x00007fff41ac9000 	/System/Library/PrivateFrameworks/CoreNLP.framework/Versions/A/CoreNLP
0x00007fff4c5e8000 	/System/Library/PrivateFrameworks/MetadataUtilities.framework/Versions/A/MetadataUtilities
0x00007fff57e04000 	/usr/lib/libmecabra.dylib
0x00007fff2c14b000 	/System/Library/Frameworks/ApplicationServices.framework/Versions/A/Frameworks/ATS.framework/Versions/A/ATS
0x00007fff2c49a000 	/System/Library/Frameworks/ApplicationServices.framework/Versions/A/Frameworks/ColorSyncLegacy.framework/Versions/A/ColorSyncLegacy
0x00007fff2c539000 	/System/Library/Frameworks/ApplicationServices.framework/Versions/A/Frameworks/HIServices.framework/Versions/A/HIServices
0x00007fff2c58c000 	/System/Library/Frameworks/ApplicationServices.framework/Versions/A/Frameworks/LangAnalysis.framework/Versions/A/LangAnalysis
0x00007fff2c59c000 	/System/Library/Frameworks/ApplicationServices.framework/Versions/A/Frameworks/PrintCore.framework/Versions/A/PrintCore
0x00007fff2c5e6000 	/System/Library/Frameworks/ApplicationServices.framework/Versions/A/Frameworks/QD.framework/Versions/A/QD
0x00007fff2c620000 	/System/Library/Frameworks/ApplicationServices.framework/Versions/A/Frameworks/SpeechSynthesis.framework/Versions/A/SpeechSynthesis
0x00007fff5704b000 	/usr/lib/libcompression.dylib
0x00007fff32bd5000 	/System/Library/Frameworks/MetalPerformanceShaders.framework/Versions/A/MetalPerformanceShaders
0x00007fff29f45000 	/System/Library/Frameworks/Accelerate.framework/Versions/A/Frameworks/vImage.framework/Versions/A/vImage
0x00007fff2b1a1000 	/System/Library/Frameworks/Accelerate.framework/Versions/A/Frameworks/vecLib.framework/Versions/A/vecLib
0x00007fff2b02c000 	/System/Library/Frameworks/Accelerate.framework/Versions/A/Frameworks/vecLib.framework/Versions/A/libvMisc.dylib
0x00007fff2ae8b000 	/System/Library/Frameworks/Accelerate.framework/Versions/A/Frameworks/vecLib.framework/Versions/A/libvDSP.dylib
0x00007fff2a83a000 	/System/Library/Frameworks/Accelerate.framework/Versions/A/Frameworks/vecLib.framework/Versions/A/libBLAS.dylib
0x00007fff2aa26000 	/System/Library/Frameworks/Accelerate.framework/Versions/A/Frameworks/vecLib.framework/Versions/A/libLAPACK.dylib
0x00007fff2addf000 	/System/Library/Frameworks/Accelerate.framework/Versions/A/Frameworks/vecLib.framework/Versions/A/libLinearAlgebra.dylib
0x00007fff2ae78000 	/System/Library/Frameworks/Accelerate.framework/Versions/A/Frameworks/vecLib.framework/Versions/A/libSparseBLAS.dylib
0x00007fff2adf5000 	/System/Library/Frameworks/Accelerate.framework/Versions/A/Frameworks/vecLib.framework/Versions/A/libQuadrature.dylib
0x00007fff2a9e1000 	/System/Library/Frameworks/Accelerate.framework/Versions/A/Frameworks/vecLib.framework/Versions/A/libBNNS.dylib
0x00007fff2adfb000 	/System/Library/Frameworks/Accelerate.framework/Versions/A/Frameworks/vecLib.framework/Versions/A/libSparse.dylib
0x00007fff48e17000 	/System/Library/PrivateFrameworks/GPUWrangler.framework/Versions/A/GPUWrangler
0x00007fff4b116000 	/System/Library/PrivateFrameworks/IOAccelerator.framework/Versions/A/IOAccelerator
0x00007fff4b121000 	/System/Library/PrivateFrameworks/IOPresentment.framework/Versions/A/IOPresentment
0x00007fff428a1000 	/System/Library/PrivateFrameworks/DSExternalDisplay.framework/Versions/A/DSExternalDisplay
0x00007fff36e49000 	/System/Library/Frameworks/OpenGL.framework/Versions/A/Libraries/libCoreFSCache.dylib
0x00007fff329c9000 	/System/Library/Frameworks/MetalPerformanceShaders.framework/Frameworks/MPSCore.framework/Versions/A/MPSCore
0x00007fff329e9000 	/System/Library/Frameworks/MetalPerformanceShaders.framework/Frameworks/MPSImage.framework/Versions/A/MPSImage
0x00007fff32a8e000 	/System/Library/Frameworks/MetalPerformanceShaders.framework/Frameworks/MPSNeuralNetwork.framework/Versions/A/MPSNeuralNetwork
0x00007fff32a66000 	/System/Library/Frameworks/MetalPerformanceShaders.framework/Frameworks/MPSMatrix.framework/Versions/A/MPSMatrix
0x00007fff32bba000 	/System/Library/Frameworks/MetalPerformanceShaders.framework/Frameworks/MPSRayIntersector.framework/Versions/A/MPSRayIntersector
0x00007fff4c611000 	/System/Library/PrivateFrameworks/MetalTools.framework/Versions/A/MetalTools
0x00007fff3d757000 	/System/Library/PrivateFrameworks/AggregateDictionary.framework/Versions/A/AggregateDictionary
0x00007fff56baa000 	/usr/lib/libMobileGestalt.dylib
0x00007fff2faea000 	/System/Library/Frameworks/CoreVideo.framework/Versions/A/CoreVideo
0x00007fff49c28000 	/System/Library/PrivateFrameworks/GraphVisualizer.framework/Versions/A/GraphVisualizer
0x00007fff43aa7000 	/System/Library/PrivateFrameworks/FaceCore.framework/Versions/A/FaceCore
0x00007fff36477000 	/System/Library/Frameworks/OpenCL.framework/Versions/A/OpenCL
0x00007fff56902000 	/usr/lib/libFosl_dynamic.dylib
0x00007fff4d3e3000 	/System/Library/PrivateFrameworks/OTSVG.framework/Versions/A/OTSVG
0x00007fff2c24f000 	/System/Library/Frameworks/ApplicationServices.framework/Versions/A/Frameworks/ATS.framework/Versions/A/Resources/libFontParser.dylib
0x00007fff2c367000 	/System/Library/Frameworks/ApplicationServices.framework/Versions/A/Frameworks/ATS.framework/Versions/A/Resources/libFontRegistry.dylib
0x00007fff309fd000 	/System/Library/Frameworks/ImageIO.framework/Versions/A/Resources/libJPEG.dylib
0x00007fff30d10000 	/System/Library/Frameworks/ImageIO.framework/Versions/A/Resources/libTIFF.dylib
0x00007fff30ce6000 	/System/Library/Frameworks/ImageIO.framework/Versions/A/Resources/libPng.dylib
0x00007fff3091a000 	/System/Library/Frameworks/ImageIO.framework/Versions/A/Resources/libGIF.dylib
0x00007fff3091f000 	/System/Library/Frameworks/ImageIO.framework/Versions/A/Resources/libJP2.dylib
0x00007fff30d0d000 	/System/Library/Frameworks/ImageIO.framework/Versions/A/Resources/libRadiance.dylib
0x00007fff3e004000 	/System/Library/PrivateFrameworks/AppleJPEG.framework/Versions/A/AppleJPEG
0x00007fff36e54000 	/System/Library/Frameworks/OpenGL.framework/Versions/A/Libraries/libGFXShared.dylib
0x00007fff37017000 	/System/Library/Frameworks/OpenGL.framework/Versions/A/Libraries/libGLU.dylib
0x00007fff36e5d000 	/System/Library/Frameworks/OpenGL.framework/Versions/A/Libraries/libGL.dylib
0x00007fff36e69000 	/System/Library/Frameworks/OpenGL.framework/Versions/A/Libraries/libGLImage.dylib
0x00007fff36e46000 	/System/Library/Frameworks/OpenGL.framework/Versions/A/Libraries/libCVMSPluginSupport.dylib
0x00007fff36e4f000 	/System/Library/Frameworks/OpenGL.framework/Versions/A/Libraries/libCoreVMClient.dylib
0x00007fff5779c000 	/usr/lib/libcups.2.dylib
0x00007fff31ed0000 	/System/Library/Frameworks/Kerberos.framework/Versions/A/Kerberos
0x00007fff303f9000 	/System/Library/Frameworks/GSS.framework/Versions/A/GSS
0x00007fff58eb2000 	/usr/lib/libresolv.9.dylib
0x00007fff5798e000 	/usr/lib/libiconv.2.dylib
0x00007fff49d9d000 	/System/Library/PrivateFrameworks/Heimdal.framework/Versions/A/Heimdal
0x00007fff5795e000 	/usr/lib/libheimdal-asn1.dylib
0x00007fff364eb000 	/System/Library/Frameworks/OpenDirectory.framework/Versions/A/OpenDirectory
0x00007fff4082c000 	/System/Library/PrivateFrameworks/CommonAuth.framework/Versions/A/CommonAuth
0x00007fff364cf000 	/System/Library/Frameworks/OpenDirectory.framework/Versions/A/Frameworks/CFOpenDirectory.framework/Versions/A/CFOpenDirectory
0x00007fff39599000 	/System/Library/Frameworks/SecurityFoundation.framework/Versions/A/SecurityFoundation
0x00007fff3cc9d000 	/System/Library/PrivateFrameworks/APFS.framework/Versions/A/APFS
0x00007fff59307000 	/usr/lib/libutil.dylib
0x00007fff57039000 	/usr/lib/libcharset.1.dylib
0x00007fff3e2a1000 	/System/Library/PrivateFrameworks/AppleSauce.framework/Versions/A/AppleSauce
0x00007fff3e422000 	/System/Library/PrivateFrameworks/AssertionServices.framework/Versions/A/AssertionServices
0x00007fff3eb52000 	/System/Library/PrivateFrameworks/BaseBoard.framework/Versions/A/BaseBoard
0x00007fff57d5f000 	/usr/lib/libmecab.1.0.0.dylib
0x00007fff57958000 	/usr/lib/libgermantok.dylib
0x00007fff56d87000 	/usr/lib/libThaiTokenizer.dylib
0x00007fff56832000 	/usr/lib/libChineseTokenizer.dylib
0x00007fff4b7ce000 	/System/Library/PrivateFrameworks/LanguageModeling.framework/Versions/A/LanguageModeling
0x00007fff4150e000 	/System/Library/PrivateFrameworks/CoreEmoji.framework/Versions/A/CoreEmoji
0x00007fff4b8aa000 	/System/Library/PrivateFrameworks/Lexicon.framework/Versions/A/Lexicon
0x00007fff4b8ed000 	/System/Library/PrivateFrameworks/LinguisticData.framework/Versions/A/LinguisticData
0x00007fff5703a000 	/usr/lib/libcmph.dylib
0x00007fff39657000 	/System/Library/Frameworks/ServiceManagement.framework/Versions/A/ServiceManagement
0x00007fff3eab3000 	/System/Library/PrivateFrameworks/BackgroundTaskManagement.framework/Versions/A/BackgroundTaskManagement
0x00007fff59401000 	/usr/lib/libxslt.1.dylib
0x00007fff2d2bd000 	/System/Library/Frameworks/Carbon.framework/Versions/A/Frameworks/Ink.framework/Versions/A/Ink
0x00007fff548c1000 	/System/Library/PrivateFrameworks/TextureIO.framework/Versions/A/TextureIO
0x00007fff56ddb000 	/usr/lib/libate.dylib
0x00007fff427f0000 	/System/Library/PrivateFrameworks/CrashReporterSupport.framework/Versions/A/CrashReporterSupport
0x00007fff51ffa000 	/System/Library/PrivateFrameworks/Sharing.framework/Versions/A/Sharing
0x00007fff3e805000 	/System/Library/PrivateFrameworks/AuthKit.framework/Versions/A/AuthKit
0x00007fff3dd59000 	/System/Library/PrivateFrameworks/Apple80211.framework/Versions/A/Apple80211
0x00007fff42598000 	/System/Library/PrivateFrameworks/CoreUtils.framework/Versions/A/CoreUtils
0x00007fff2fb2b000 	/System/Library/Frameworks/CoreWLAN.framework/Versions/A/CoreWLAN
0x00007fff30528000 	/System/Library/Frameworks/IOBluetooth.framework/Versions/A/IOBluetooth
0x00007fff5046e000 	/System/Library/PrivateFrameworks/ProtocolBuffer.framework/Versions/A/ProtocolBuffer
0x00007fff4c86e000 	/System/Library/PrivateFrameworks/MobileKeyBag.framework/Versions/A/MobileKeyBag
0x00007fff41ddc000 	/System/Library/PrivateFrameworks/CorePhoneNumbers.framework/Versions/A/CorePhoneNumbers
0x00007fff3dfb8000 	/System/Library/PrivateFrameworks/AppleIDAuthSupport.framework/Versions/A/AppleIDAuthSupport
0x00007fff4b7a1000 	/System/Library/PrivateFrameworks/KeychainCircle.framework/Versions/A/KeychainCircle
0x00007fff50624000 	/System/Library/PrivateFrameworks/ROCKit.framework/Versions/A/ROCKit
0x00007fff4278c000 	/System/Library/PrivateFrameworks/CoreWiFi.framework/Versions/A/CoreWiFi
0x00007fff2d88b000 	/System/Library/Frameworks/CoreBluetooth.framework/Versions/A/CoreBluetooth
0x00007fff429e7000 	/System/Library/PrivateFrameworks/DebugSymbols.framework/Versions/A/DebugSymbols
0x00007fff42358000 	/System/Library/PrivateFrameworks/CoreSymbolication.framework/Versions/A/CoreSymbolication
0x00007fff540dc000 	/System/Library/PrivateFrameworks/Symbolication.framework/Versions/A/Symbolication
0x00007fff5397f000 	/System/Library/PrivateFrameworks/SpeechRecognitionCore.framework/Versions/A/SpeechRecognitionCore
0x0000000106389000 	/Users/macbook/Library/Java/JavaVirtualMachines/openjdk-14.0.1/Contents/Home/lib/server/libjvm.dylib
0x000000010539c000 	/Users/macbook/Library/Java/JavaVirtualMachines/openjdk-14.0.1/Contents/Home/lib/libjimage.dylib
0x00000001053a9000 	/Users/macbook/Library/Java/JavaVirtualMachines/openjdk-14.0.1/Contents/Home/lib/libjdwp.dylib
0x0000000105c00000 	/Users/macbook/Library/Java/JavaVirtualMachines/openjdk-14.0.1/Contents/Home/lib/./libjava.dylib
0x00000001053e4000 	/Users/macbook/Library/Java/JavaVirtualMachines/openjdk-14.0.1/Contents/Home/lib/libinstrument.dylib
0x0000000105c98000 	/Users/macbook/Library/Java/JavaVirtualMachines/openjdk-14.0.1/Contents/Home/lib/libzip.dylib
0x0000000126239000 	/Users/macbook/Library/Java/JavaVirtualMachines/openjdk-14.0.1/Contents/Home/lib/libdt_socket.dylib
0x0000000126243000 	/Users/macbook/Library/Java/JavaVirtualMachines/openjdk-14.0.1/Contents/Home/lib/libnio.dylib
0x0000000126256000 	/Users/macbook/Library/Java/JavaVirtualMachines/openjdk-14.0.1/Contents/Home/lib/./libnet.dylib
0x00000001262f6000 	/Users/macbook/Library/Java/JavaVirtualMachines/openjdk-14.0.1/Contents/Home/lib/libmanagement.dylib
0x0000000126300000 	/Users/macbook/Library/Java/JavaVirtualMachines/openjdk-14.0.1/Contents/Home/lib/libmanagement_ext.dylib
0x000000012631b000 	/Users/macbook/Library/Java/JavaVirtualMachines/openjdk-14.0.1/Contents/Home/lib/libextnet.dylib


VM Arguments:
jvm_args: -agentlib:jdwp=transport=dt_socket,address=127.0.0.1:55554,suspend=y,server=n --enable-preview -XX:TieredStopAtLevel=1 -Xverify:none -Dspring.output.ansi.enabled=always -Dcom.sun.management.jmxremote -Dspring.jmx.enabled=true -Dspring.liveBeansView.mbeanDomain -Dspring.application.admin.enabled=true -javaagent:/Users/macbook/Library/Caches/JetBrains/IntelliJIdea2020.1/groovyHotSwap/gragent.jar -javaagent:/Users/macbook/Library/Caches/JetBrains/IntelliJIdea2020.1/captureAgent/debugger-agent.jar -Dfile.encoding=UTF-8 
java_command: fete.bird.payment.FeteBirdPaymanentApplication
java_class_path (initial): /Users/macbook/Projects/FeteBird/FeteBird-Payment/build/classes/java/main:/Users/macbook/Projects/FeteBird/FeteBird-Payment/build/resources/main:/Users/macbook/.gradle/caches/modules-2/files-2.1/org.springframework.boot/spring-boot-starter-actuator/2.3.1.RELEASE/d7de3431d77815be239951d39b4ecd3fbe004e75/spring-boot-starter-actuator-2.3.1.RELEASE.jar:/Users/macbook/.gradle/caches/modules-2/files-2.1/org.springframework.cloud/spring-cloud-starter-netflix-eureka-client/2.2.3.RELEASE/50b69a5904eed350dfa27078f9c97f00c9e35d0b/spring-cloud-starter-netflix-eureka-client-2.2.3.RELEASE.jar:/Users/macbook/.gradle/caches/modules-2/files-2.1/org.springframework.cloud/spring-cloud-starter-config/2.2.3.RELEASE/5a80216fe70492b2e1a513893008dbe845267ee8/spring-cloud-starter-config-2.2.3.RELEASE.jar:/Users/macbook/.gradle/caches/modules-2/files-2.1/org.springframework.boot/spring-boot-starter-data-rest/2.3.1.RELEASE/7ef1492ca65cdf498d48dc69384b365f5f4ccf89/spring-boot-starter-data-rest-2.3.1.RELEASE.jar:/Users/macbook/.gradle/caches/modules-2/files-2.1/io.springfox/springfox-boot-starter/3.0.0-SNAPSHOT/824f81ae53d897e1d39e609693704c9f14b3f7c6/springfox-boot-starter-3.0.0-SNAPSHOT.jar:/Users/macbook/.gradle/caches/modules-2/files-2.1/org.springframework.boot/spring-boot-starter/2.3.1.RELEASE/e0d28696fea064578cb01da346232284f922eba4/spring-boot-starter-2.3.1.RELEASE.jar:/Users/macbook/.gradle/caches/modules-2/files-2.1/org.springframework.boot/spring-boot-actuator-autoconfigure/2.3.1.RELEASE/b1e37c590387b1faa9781d815e2facd8ebfb2d29/spring-boot-actuator-autoconfigure-2.3.1.RELEASE.jar:/Users/macbook/.gradle/caches/modules-2/files-2.1/io.micrometer/micrometer-core/1.5.1/f58ddf32310729011f6c2171fbe1a085b4336b2f/micrometer-core-1.5.1.jar:/Users/macbook/.gradle/caches/modules-2/files-2.1/org.springframework.cloud/spring-cloud-starter-netflix-ribbon/2.2.3.RELEASE/52dde77efed1bc415246ba9f3a5c0341e3150374/spring-cloud-starter-netflix-ribbon-2.2.3.RELEASE.jar:/Users/m
Launcher Type: SUN_STANDARD

[Global flags]
     intx CICompilerCount                          = 3                                         {product} {ergonomic}
     uint ConcGCThreads                            = 1                                         {product} {ergonomic}
     uint G1ConcRefinementThreads                  = 4                                         {product} {ergonomic}
   size_t G1HeapRegionSize                         = 1048576                                   {product} {ergonomic}
    uintx GCDrainStackTargetSize                   = 64                                        {product} {ergonomic}
   size_t InitialHeapSize                          = 134217728                                 {product} {ergonomic}
     bool ManagementServer                         = true                                      {product} {command line}
   size_t MarkStackSize                            = 4194304                                   {product} {ergonomic}
   size_t MaxHeapSize                              = 2147483648                                {product} {ergonomic}
   size_t MaxNewSize                               = 1287651328                                {product} {ergonomic}
   size_t MinHeapDeltaBytes                        = 1048576                                   {product} {ergonomic}
   size_t MinHeapSize                              = 8388608                                   {product} {ergonomic}
    uintx NonNMethodCodeHeapSize                   = 6973028                                {pd product} {ergonomic}
    uintx NonProfiledCodeHeapSize                  = 244685212                              {pd product} {ergonomic}
    uintx ProfiledCodeHeapSize                     = 0                                      {pd product} {ergonomic}
    uintx ReservedCodeCacheSize                    = 251658240                              {pd product} {ergonomic}
     bool SegmentedCodeCache                       = true                                      {product} {ergonomic}
   size_t SoftMaxHeapSize                          = 2147483648                             {manageable} {ergonomic}
     intx TieredStopAtLevel                        = 1                                         {product} {command line}
     bool UseCompressedClassPointers               = true                                 {lp64_product} {ergonomic}
     bool UseCompressedOops                        = true                                 {lp64_product} {ergonomic}
     bool UseG1GC                                  = true                                      {product} {ergonomic}

Logging:
Log output configuration:
 #0: stdout all=warning uptime,level,tags
 #1: stderr all=off uptime,level,tags

Environment Variables:
PATH=/usr/local/opt/helm@2/bin:/Library/Frameworks/Python.framework/Versions/3.7/bin:/usr/local/bin:/usr/bin:/bin:/usr/sbin:/sbin:/usr/local/share/dotnet:~/.dotnet/tools:/Library/Frameworks/Mono.framework/Versions/Current/Commands:/Applications/Xamarin Workbooks.app/Contents/SharedSupport/path-bin
SHELL=/bin/bash

Signal Handlers:
SIGSEGV: [libjvm.dylib+0x741580], sa_mask[0]=11111111011111110111111111111111, sa_flags=SA_ONSTACK|SA_RESTART|SA_SIGINFO
SIGBUS: [libjvm.dylib+0x741580], sa_mask[0]=11111111011111110111111111111111, sa_flags=SA_RESTART|SA_SIGINFO
SIGFPE: [libjvm.dylib+0x741580], sa_mask[0]=11111111011111110111111111111111, sa_flags=SA_RESTART|SA_SIGINFO
SIGPIPE: [libjvm.dylib+0x5eb3a3], sa_mask[0]=11111111011111110111111111111111, sa_flags=SA_RESTART|SA_SIGINFO
SIGXFSZ: [libjvm.dylib+0x5eb3a3], sa_mask[0]=11111111011111110111111111111111, sa_flags=SA_RESTART|SA_SIGINFO
SIGILL: [libjvm.dylib+0x741580], sa_mask[0]=11111111011111110111111111111111, sa_flags=SA_RESTART|SA_SIGINFO
SIGUSR2: [libjvm.dylib+0x5eb975], sa_mask[0]=00100000000000000000000000000000, sa_flags=SA_RESTART|SA_SIGINFO
SIGHUP: [libjvm.dylib+0x5ea9d7], sa_mask[0]=11111111011111110111111111111111, sa_flags=SA_RESTART|SA_SIGINFO
SIGINT: [libjvm.dylib+0x5ea9d7], sa_mask[0]=11111111011111110111111111111111, sa_flags=SA_RESTART|SA_SIGINFO
SIGTERM: [libjvm.dylib+0x5ea9d7], sa_mask[0]=11111111011111110111111111111111, sa_flags=SA_RESTART|SA_SIGINFO
SIGQUIT: [libjvm.dylib+0x5ea9d7], sa_mask[0]=11111111011111110111111111111111, sa_flags=SA_RESTART|SA_SIGINFO


---------------  S Y S T E M  ---------------

OS:uname:Darwin 18.7.0 Darwin Kernel Version 18.7.0: Mon Apr 27 20:09:39 PDT 2020; root:xnu-4903.278.35~1/RELEASE_X86_64 x86_64
OS uptime: 0 days 11:35 hours
rlimit: STACK 8192k, CORE 0k, NPROC 709, NOFILE 10240, AS infinity, DATA infinity, FSIZE infinity
load average:13.31 7.03 5.31

CPU:total 4 (initial active 4) (2 cores per cpu, 2 threads per core) family 6 model 58 stepping 9, cmov, cx8, fxsr, mmx, sse, sse2, sse3, ssse3, sse4.1, sse4.2, popcnt, avx, aes, clmul, erms, ht, tsc, tscinvbit, tscinv

Memory: 4k page, physical 8388608k(55656k free), swap 8388608k(1322496k free)

vm_info: OpenJDK 64-Bit Server VM (14.0.1+7) for bsd-amd64 JRE (14.0.1+7), built on Mar  5 2020 10:34:43 by "mach5one" with clang 4.2.1 Compatible Apple LLVM 10.0.0 (clang-1000.11.45.5)

END.
